<?xml version="1.0" encoding="utf-8"?><testsuites name="pytest tests"><testsuite name="pytest" errors="0" failures="0" skipped="0" tests="14" time="0.682" timestamp="2026-01-13T13:23:11.677220+00:00" hostname="agent-env-5b709e43-5590-46f1-9510-29162e43ee06"><testcase classname="tests.test_auth_and_roles.TestHealthCheck" name="test_api_root" time="0.071" /><testcase classname="tests.test_auth_and_roles.TestAuthEndpoints" name="test_auth_me_without_token" time="0.041" /><testcase classname="tests.test_auth_and_roles.TestAuthEndpoints" name="test_auth_me_with_invalid_token" time="0.034" /><testcase classname="tests.test_auth_and_roles.TestAuthEndpoints" name="test_auth_me_admin_user" time="0.037" /><testcase classname="tests.test_auth_and_roles.TestAuthEndpoints" name="test_auth_me_student_user" time="0.042" /><testcase classname="tests.test_auth_and_roles.TestAdminEndpoints" name="test_admin_stats_with_admin_token" time="0.053" /><testcase classname="tests.test_auth_and_roles.TestAdminEndpoints" name="test_admin_stats_with_student_token" time="0.039" /><testcase classname="tests.test_auth_and_roles.TestAdminEndpoints" name="test_admin_stats_without_token" time="0.033" /><testcase classname="tests.test_auth_and_roles.TestAdminEndpoints" name="test_admin_users_with_admin_token" time="0.035" /><testcase classname="tests.test_auth_and_roles.TestStudentEndpoints" name="test_student_dashboard_with_student_token" time="0.038" /><testcase classname="tests.test_auth_and_roles.TestStudentEndpoints" name="test_student_dashboard_with_admin_token" time="0.037" /><testcase classname="tests.test_auth_and_roles.TestStudentEndpoints" name="test_student_dashboard_without_token" time="0.031" /><testcase classname="tests.test_auth_and_roles.TestTeacherEndpoints" name="test_get_teachers_list" time="0.041" /><testcase classname="tests.test_auth_and_roles.TestOnboardingEndpoints" name="test_complete_onboarding_without_token" time="0.033" /></testsuite></testsuites>