<?xml version="1.0" encoding="utf-8"?><testsuites name="pytest tests"><testsuite name="pytest" errors="0" failures="0" skipped="0" tests="17" time="0.885" timestamp="2026-01-13T13:44:14.601728+00:00" hostname="agent-env-5b709e43-5590-46f1-9510-29162e43ee06"><testcase classname="tests.test_p2_features.TestTeacherDashboard" name="test_teacher_dashboard_with_teacher_token" time="0.073" /><testcase classname="tests.test_p2_features.TestTeacherDashboard" name="test_teacher_dashboard_with_student_token" time="0.043" /><testcase classname="tests.test_p2_features.TestTeacherDashboard" name="test_teacher_dashboard_without_token" time="0.043" /><testcase classname="tests.test_p2_features.TestTeacherAvailability" name="test_get_teacher_availability" time="0.036" /><testcase classname="tests.test_p2_features.TestTeacherAvailability" name="test_create_availability_as_teacher" time="0.035" /><testcase classname="tests.test_p2_features.TestTeacherAvailability" name="test_create_availability_as_student_fails" time="0.045" /><testcase classname="tests.test_p2_features.TestBrowseTeachers" name="test_get_teachers_list" time="0.040" /><testcase classname="tests.test_p2_features.TestBrowseTeachers" name="test_get_single_teacher" time="0.038" /><testcase classname="tests.test_p2_features.TestBrowseTeachers" name="test_get_nonexistent_teacher" time="0.033" /><testcase classname="tests.test_p2_features.TestStudentBooking" name="test_student_dashboard_returns_student_id" time="0.037" /><testcase classname="tests.test_p2_features.TestStudentBooking" name="test_create_booking_as_student" time="0.077" /><testcase classname="tests.test_p2_features.TestStudentBooking" name="test_create_booking_without_auth_fails" time="0.035" /><testcase classname="tests.test_p2_features.TestJoinClass" name="test_booking_includes_meet_link" time="0.035" /><testcase classname="tests.test_p2_features.TestJoinClass" name="test_teacher_has_meet_link" time="0.031" /><testcase classname="tests.test_p2_features.TestAdminDashboard" name="test_admin_stats" time="0.081" /><testcase classname="tests.test_p2_features.TestAdminDashboard" name="test_admin_users_list" time="0.039" /><testcase classname="tests.test_p2_features.TestAdminDashboard" name="test_admin_users_filter_by_role" time="0.037" /></testsuite></testsuites>