<?xml version="1.0" encoding="utf-8"?><testsuites name="pytest tests"><testsuite name="pytest" errors="0" failures="13" skipped="1" tests="17" time="5.429" timestamp="2026-02-18T16:28:28.946102+00:00" hostname="agent-env-0bd9a044-c3bd-4396-a37c-ae72f32110c0"><testcase classname="backend.tests.test_batch5_5_fixes.TestCommissionServicePricing" name="test_api_accessible" time="0.199" /><testcase classname="backend.tests.test_batch5_5_fixes.TestCommissionServicePricing" name="test_commission_tiers_endpoint" time="0.145"><failure message="TypeError: string indices must be integers, not 'str'">backend/tests/test_batch5_5_fixes.py:40: in test_commission_tiers_endpoint
    tier_by_level = {t["tier_level"]: t for t in tiers}
                    ^^^^^^^^^^^^^^^^^^^^^^^^^^^^^^^^^^^
backend/tests/test_batch5_5_fixes.py:40: in &lt;dictcomp&gt;
    tier_by_level = {t["tier_level"]: t for t in tiers}
                     ^^^^^^^^^^^^^^^
E   TypeError: string indices must be integers, not 'str'</failure></testcase><testcase classname="backend.tests.test_batch5_5_fixes.TestCommissionServicePricing" name="test_session_pricing_15min" time="0.133"><failure message="assert 404 == 200&#10; +  where 404 = &lt;Response [404]&gt;.status_code">backend/tests/test_batch5_5_fixes.py:63: in test_session_pricing_15min
    assert response.status_code == 200
E   assert 404 == 200
E    +  where 404 = &lt;Response [404]&gt;.status_code</failure></testcase><testcase classname="backend.tests.test_batch5_5_fixes.TestCommissionServicePricing" name="test_session_pricing_30min" time="0.119"><failure message="assert 404 == 200&#10; +  where 404 = &lt;Response [404]&gt;.status_code">backend/tests/test_batch5_5_fixes.py:72: in test_session_pricing_30min
    assert response.status_code == 200
E   assert 404 == 200
E    +  where 404 = &lt;Response [404]&gt;.status_code</failure></testcase><testcase classname="backend.tests.test_batch5_5_fixes.TestCommissionServicePricing" name="test_session_pricing_60min" time="0.160"><failure message="assert 404 == 200&#10; +  where 404 = &lt;Response [404]&gt;.status_code">backend/tests/test_batch5_5_fixes.py:81: in test_session_pricing_60min
    assert response.status_code == 200
E   assert 404 == 200
E    +  where 404 = &lt;Response [404]&gt;.status_code</failure></testcase><testcase classname="backend.tests.test_batch5_5_fixes.TestCommissionCalculation" name="test_calculate_split_new_tutor" time="0.234"><failure message="assert 405 == 200&#10; +  where 405 = &lt;Response [405]&gt;.status_code">backend/tests/test_batch5_5_fixes.py:94: in test_calculate_split_new_tutor
    assert response.status_code == 200
E   assert 405 == 200
E    +  where 405 = &lt;Response [405]&gt;.status_code</failure></testcase><testcase classname="backend.tests.test_batch5_5_fixes.TestCommissionCalculation" name="test_calculate_split_rated_tutor" time="0.168"><failure message="assert 405 == 200&#10; +  where 405 = &lt;Response [405]&gt;.status_code">backend/tests/test_batch5_5_fixes.py:107: in test_calculate_split_rated_tutor
    assert response.status_code == 200
E   assert 405 == 200
E    +  where 405 = &lt;Response [405]&gt;.status_code</failure></testcase><testcase classname="backend.tests.test_batch5_5_fixes.TestCommissionCalculation" name="test_calculate_split_elite_tutor" time="0.153"><failure message="assert 405 == 200&#10; +  where 405 = &lt;Response [405]&gt;.status_code">backend/tests/test_batch5_5_fixes.py:120: in test_calculate_split_elite_tutor
    assert response.status_code == 200
E   assert 405 == 200
E    +  where 405 = &lt;Response [405]&gt;.status_code</failure></testcase><testcase classname="backend.tests.test_batch5_5_fixes.TestTierThresholds" name="test_tier_eval_new" time="0.191"><failure message="assert 404 == 200&#10; +  where 404 = &lt;Response [404]&gt;.status_code">backend/tests/test_batch5_5_fixes.py:139: in test_tier_eval_new
    assert response.status_code == 200
E   assert 404 == 200
E    +  where 404 = &lt;Response [404]&gt;.status_code</failure></testcase><testcase classname="backend.tests.test_batch5_5_fixes.TestTierThresholds" name="test_tier_eval_rated" time="0.122"><failure message="assert 404 == 200&#10; +  where 404 = &lt;Response [404]&gt;.status_code">backend/tests/test_batch5_5_fixes.py:150: in test_tier_eval_rated
    assert response.status_code == 200
E   assert 404 == 200
E    +  where 404 = &lt;Response [404]&gt;.status_code</failure></testcase><testcase classname="backend.tests.test_batch5_5_fixes.TestTierThresholds" name="test_tier_eval_elite" time="0.153"><failure message="assert 404 == 200&#10; +  where 404 = &lt;Response [404]&gt;.status_code">backend/tests/test_batch5_5_fixes.py:161: in test_tier_eval_elite
    assert response.status_code == 200
E   assert 404 == 200
E    +  where 404 = &lt;Response [404]&gt;.status_code</failure></testcase><testcase classname="backend.tests.test_batch5_5_fixes.TestTierThresholds" name="test_tier_not_rated_with_low_rating" time="0.154"><failure message="assert 404 == 200&#10; +  where 404 = &lt;Response [404]&gt;.status_code">backend/tests/test_batch5_5_fixes.py:172: in test_tier_not_rated_with_low_rating
    assert response.status_code == 200
E   assert 404 == 200
E    +  where 404 = &lt;Response [404]&gt;.status_code</failure></testcase><testcase classname="backend.tests.test_batch5_5_fixes.TestTeacherAuthAndDashboard" name="test_teacher_dashboard_data" time="0.597"><failure message="assert 404 == 200&#10; +  where 404 = &lt;Response [404]&gt;.status_code">backend/tests/test_batch5_5_fixes.py:235: in test_teacher_dashboard_data
    assert response.status_code == 200
E   assert 404 == 200
E    +  where 404 = &lt;Response [404]&gt;.status_code</failure></testcase><testcase classname="backend.tests.test_batch5_5_fixes.TestTeacherAuthAndDashboard" name="test_teacher_bookings_endpoint" time="0.819" /><testcase classname="backend.tests.test_batch5_5_fixes.TestProfileUpdateEndpoints" name="test_auth_update_profile_returns_updated_user" time="0.545" /><testcase classname="backend.tests.test_batch5_5_fixes.TestProfileUpdateEndpoints" name="test_teacher_update_profile_returns_updated_teacher" time="0.528"><failure message="assert 404 == 200&#10; +  where 404 = &lt;Response [404]&gt;.status_code">backend/tests/test_batch5_5_fixes.py:362: in test_teacher_update_profile_returns_updated_teacher
    assert response.status_code == 200
E   assert 404 == 200
E    +  where 404 = &lt;Response [404]&gt;.status_code</failure></testcase><testcase classname="backend.tests.test_batch5_5_fixes.TestAvailabilityBulk" name="test_bulk_availability_save" time="0.734"><skipped type="pytest.skip" message="Could not create teacher for availability tests">/app/backend/tests/test_batch5_5_fixes.py:411: Could not create teacher for availability tests</skipped></testcase></testsuite></testsuites>