<?xml version="1.0" encoding="utf-8"?><testsuites name="pytest tests"><testsuite name="pytest" errors="0" failures="2" skipped="8" tests="17" time="5.418" timestamp="2026-02-17T19:39:29.397682+00:00" hostname="agent-env-32e1e104-4668-4576-a215-226a57933662"><testcase classname="tests.test_classroom_module.TestClassroomModuleSetup" name="test_01_verify_setup" time="1.120"><failure message="AssertionError: Student token should be set&#10;assert None is not None&#10; +  where None = &lt;test_classroom_module.TestClassroomModuleSetup object at 0xf8891ebef550&gt;.student_token">tests/test_classroom_module.py:74: in test_01_verify_setup
    assert self.student_token is not None, "Student token should be set"
E   AssertionError: Student token should be set
E   assert None is not None
E    +  where None = &lt;test_classroom_module.TestClassroomModuleSetup object at 0xf8891ebef550&gt;.student_token</failure></testcase><testcase classname="tests.test_classroom_module.TestClassroomNextClassAPI" name="test_next_class_unauthenticated" time="0.664" /><testcase classname="tests.test_classroom_module.TestClassroomNextClassAPI" name="test_next_class_authenticated" time="0.001"><skipped type="pytest.skip" message="No student token available">/app/backend/tests/test_classroom_module.py:108: No student token available</skipped></testcase><testcase classname="tests.test_classroom_module.TestClassroomSessionCreate" name="test_create_session_unauthenticated" time="0.580" /><testcase classname="tests.test_classroom_module.TestClassroomSessionCreate" name="test_create_session_authenticated" time="0.001"><skipped type="pytest.skip" message="No auth token available">/app/backend/tests/test_classroom_module.py:165: No auth token available</skipped></testcase><testcase classname="tests.test_classroom_module.TestClassroomSessionDetails" name="test_session_not_found" time="0.370"><skipped type="pytest.skip" message="Could not register user">/app/backend/tests/test_classroom_module.py:205: Could not register user</skipped></testcase><testcase classname="tests.test_classroom_module.TestClassroomStudentProgress" name="test_progress_requires_teacher" time="0.467"><skipped type="pytest.skip" message="Could not register user">/app/backend/tests/test_classroom_module.py:230: Could not register user</skipped></testcase><testcase classname="tests.test_classroom_module.TestClassroomRating" name="test_rating_requires_student" time="0.347"><skipped type="pytest.skip" message="Could not register user">/app/backend/tests/test_classroom_module.py:265: Could not register user</skipped></testcase><testcase classname="tests.test_classroom_module.TestClassroomStudentProgressHistory" name="test_progress_history_requires_auth" time="0.122" /><testcase classname="tests.test_classroom_module.TestClassroomActivities" name="test_create_activity_requires_admin" time="0.342"><skipped type="pytest.skip" message="No token available">/app/backend/tests/test_classroom_module.py:311: No token available</skipped></testcase><testcase classname="tests.test_classroom_module.TestClassroomActivities" name="test_list_activities_requires_auth" time="0.165" /><testcase classname="tests.test_classroom_module.TestClassroomActivities" name="test_list_activities_authenticated" time="0.001"><skipped type="pytest.skip" message="No token available">/app/backend/tests/test_classroom_module.py:334: No token available</skipped></testcase><testcase classname="tests.test_classroom_module.TestClassroomAdminSessions" name="test_admin_sessions_requires_admin" time="0.387"><skipped type="pytest.skip" message="No token available">/app/backend/tests/test_classroom_module.py:368: No token available</skipped></testcase><testcase classname="tests.test_classroom_module.TestBookingCreatesClassSession" name="test_booking_endpoint_exists" time="0.173"><failure message="AssertionError: Expected 401 without auth, got 422&#10;assert 422 == 401&#10; +  where 422 = &lt;Response [422]&gt;.status_code">tests/test_classroom_module.py:384: in test_booking_endpoint_exists
    assert resp.status_code == 401, f"Expected 401 without auth, got {resp.status_code}"
E   AssertionError: Expected 401 without auth, got 422
E   assert 422 == 401
E    +  where 422 = &lt;Response [422]&gt;.status_code</failure></testcase><testcase classname="tests.test_classroom_module.TestExternalQuranAPI" name="test_quran_api_page_1" time="0.259" /><testcase classname="tests.test_classroom_module.TestExternalQuranAPI" name="test_quran_api_chapters" time="0.100" /><testcase classname="tests.test_classroom_module.TestAPIHealthCheck" name="test_api_root" time="0.177" /></testsuite></testsuites>