<?xml version="1.0" encoding="utf-8"?><testsuites name="pytest tests"><testsuite name="pytest" errors="0" failures="0" skipped="0" tests="15" time="3.392" timestamp="2026-02-18T02:59:17.910324+00:00" hostname="agent-env-32e1e104-4668-4576-a215-226a57933662"><testcase classname="backend.tests.test_phase8_classroom.TestAdminSessionsEndpoint" name="test_admin_sessions_returns_200" time="0.244" /><testcase classname="backend.tests.test_phase8_classroom.TestAdminSessionsEndpoint" name="test_admin_sessions_enriched_with_names" time="0.169" /><testcase classname="backend.tests.test_phase8_classroom.TestAdminSessionsEndpoint" name="test_admin_sessions_filter_by_status" time="0.306" /><testcase classname="backend.tests.test_phase8_classroom.TestAdminSessionsEndpoint" name="test_admin_sessions_unauthorized_for_teacher" time="0.192" /><testcase classname="backend.tests.test_phase8_classroom.TestAdminSessionDetails" name="test_admin_session_details_returns_data" time="0.263" /><testcase classname="backend.tests.test_phase8_classroom.TestAdminSessionDetails" name="test_admin_session_details_404_for_invalid" time="0.119" /><testcase classname="backend.tests.test_phase8_classroom.TestAdminSessionDetails" name="test_admin_session_details_forbidden_for_teacher" time="0.121" /><testcase classname="backend.tests.test_phase8_classroom.TestAdminStudentReport" name="test_admin_student_report_endpoint_exists" time="0.212" /><testcase classname="backend.tests.test_phase8_classroom.TestAdminStudentReport" name="test_admin_student_report_forbidden_for_teacher" time="0.161" /><testcase classname="backend.tests.test_phase8_classroom.TestAdminStealthJoin" name="test_stealth_join_returns_token" time="0.165" /><testcase classname="backend.tests.test_phase8_classroom.TestAdminStealthJoin" name="test_stealth_join_requires_room_name" time="0.113" /><testcase classname="backend.tests.test_phase8_classroom.TestAdminStealthJoin" name="test_stealth_join_forbidden_for_teacher" time="0.136" /><testcase classname="backend.tests.test_phase8_classroom.TestStudentProgressEndpoint" name="test_student_progress_endpoint_exists" time="0.248" /><testcase classname="backend.tests.test_phase8_classroom.TestRecordingToggle" name="test_recording_toggle_admin_stealth" time="0.218" /><testcase classname="backend.tests.test_phase8_classroom.TestEndpointAuthorization" name="test_unauthenticated_access_rejected" time="0.506" /></testsuite></testsuites>