<?xml version="1.0" encoding="utf-8"?><testsuites name="pytest tests"><testsuite name="pytest" errors="0" failures="0" skipped="0" tests="12" time="1.809" timestamp="2026-02-14T19:12:50.488774+00:00" hostname="agent-env-4e18e45c-76c4-4f2f-8000-cc34b0120ae2"><testcase classname="tests.test_ui_redesign_apis.TestHealthEndpoints" name="test_health_check" time="0.208" /><testcase classname="tests.test_ui_redesign_apis.TestHealthEndpoints" name="test_root_endpoint" time="0.119" /><testcase classname="tests.test_ui_redesign_apis.TestAuthEndpoints" name="test_check_email_existing" time="0.118" /><testcase classname="tests.test_ui_redesign_apis.TestAuthEndpoints" name="test_check_email_nonexistent" time="0.205" /><testcase classname="tests.test_ui_redesign_apis.TestAuthEndpoints" name="test_auth_me_unauthorized" time="0.153" /><testcase classname="tests.test_ui_redesign_apis.TestAdminEndpoints" name="test_admin_stats" time="0.128" /><testcase classname="tests.test_ui_redesign_apis.TestAdminEndpoints" name="test_admin_revenue_recognition" time="0.128" /><testcase classname="tests.test_ui_redesign_apis.TestAdminEndpoints" name="test_admin_wallet_liability" time="0.122" /><testcase classname="tests.test_ui_redesign_apis.TestAdminEndpoints" name="test_commission_summary" time="0.118" /><testcase classname="tests.test_ui_redesign_apis.TestTeacherEndpoints" name="test_get_teachers_list" time="0.142" /><testcase classname="tests.test_ui_redesign_apis.TestBookingEndpoints" name="test_bookings_unauthorized" time="0.117" /><testcase classname="tests.test_ui_redesign_apis.TestNotificationEndpoints" name="test_get_notifications" time="0.146" /></testsuite></testsuites>