<?xml version="1.0" encoding="utf-8"?><testsuites name="pytest tests"><testsuite name="pytest" errors="0" failures="0" skipped="0" tests="18" time="3.623" timestamp="2026-02-18T04:54:44.559633+00:00" hostname="agent-env-bd6c4c9d-62e2-47e2-a699-4773d001afd0"><testcase classname="tests.test_batch4_student_experience.TestApiHealth" name="test_api_root" time="0.225" /><testcase classname="tests.test_batch4_student_experience.TestAuthentication" name="test_login_with_email" time="0.433" /><testcase classname="tests.test_batch4_student_experience.TestAuthentication" name="test_auth_me_with_cookie" time="0.163" /><testcase classname="tests.test_batch4_student_experience.TestAuthentication" name="test_auth_me_with_bearer" time="0.140" /><testcase classname="tests.test_batch4_student_experience.TestStudentDashboardData" name="test_dashboard_data_endpoint_exists" time="0.108" /><testcase classname="tests.test_batch4_student_experience.TestStudentDashboardData" name="test_dashboard_data_with_auth" time="0.147" /><testcase classname="tests.test_batch4_student_experience.TestProfileUpdate" name="test_update_profile_endpoint" time="0.139" /><testcase classname="tests.test_batch4_student_experience.TestProfileUpdate" name="test_update_profile_invalid_fields" time="0.142" /><testcase classname="tests.test_batch4_student_experience.TestNotifications" name="test_get_notifications" time="0.250" /><testcase classname="tests.test_batch4_student_experience.TestNotifications" name="test_generate_notifications" time="0.261" /><testcase classname="tests.test_batch4_student_experience.TestWalletApi" name="test_wallet_balance" time="0.302" /><testcase classname="tests.test_batch4_student_experience.TestWalletApi" name="test_wallet_packages" time="0.197" /><testcase classname="tests.test_batch4_student_experience.TestWalletApi" name="test_wallet_transactions" time="0.218" /><testcase classname="tests.test_batch4_student_experience.TestBookingApi" name="test_available_teachers" time="0.122" /><testcase classname="tests.test_batch4_student_experience.TestBookingApi" name="test_my_bookings" time="0.106" /><testcase classname="tests.test_batch4_student_experience.TestBookingApi" name="test_booking_creation_no_meet_link" time="0.240" /><testcase classname="tests.test_batch4_student_experience.TestScheduleApi" name="test_student_dashboard_legacy" time="0.116" /><testcase classname="tests.test_batch4_student_experience.TestTeachersList" name="test_get_teachers" time="0.112" /></testsuite></testsuites>