<?xml version="1.0" encoding="utf-8"?><testsuites name="pytest tests"><testsuite name="pytest" errors="0" failures="1" skipped="2" tests="26" time="7.412" timestamp="2026-02-13T17:54:44.318721+00:00" hostname="agent-env-94e50391-99a0-4b8a-90e7-50e08ed6b31d"><testcase classname="tests.test_booking_system.TestBookingAPIAuth" name="test_login_success" time="0.526" /><testcase classname="tests.test_booking_system.TestBookingAPIAuth" name="test_booking_endpoints_require_auth" time="0.290"><failure message="assert 422 == 401&#10; +  where 422 = &lt;Response [422]&gt;.status_code">tests/test_booking_system.py:71: in test_booking_endpoints_require_auth
    assert response.status_code == 401
E   assert 422 == 401
E    +  where 422 = &lt;Response [422]&gt;.status_code</failure></testcase><testcase classname="tests.test_booking_system.TestAvailableTeachers" name="test_get_available_teachers_returns_200" time="0.564" /><testcase classname="tests.test_booking_system.TestAvailableTeachers" name="test_available_teachers_response_structure" time="0.086" /><testcase classname="tests.test_booking_system.TestAvailableTeachers" name="test_available_teachers_have_required_fields" time="0.163" /><testcase classname="tests.test_booking_system.TestCreateBooking" name="test_create_booking_15_min" time="0.643" /><testcase classname="tests.test_booking_system.TestCreateBooking" name="test_create_booking_30_min" time="0.077" /><testcase classname="tests.test_booking_system.TestCreateBooking" name="test_create_booking_60_min" time="0.081" /><testcase classname="tests.test_booking_system.TestCreateBooking" name="test_create_booking_invalid_duration" time="0.087" /><testcase classname="tests.test_booking_system.TestCreateBooking" name="test_create_booking_past_time_fails" time="0.124" /><testcase classname="tests.test_booking_system.TestCreateBooking" name="test_create_booking_invalid_teacher_fails" time="0.157" /><testcase classname="tests.test_booking_system.TestMyBookings" name="test_get_my_bookings_returns_200" time="0.819" /><testcase classname="tests.test_booking_system.TestMyBookings" name="test_my_bookings_response_structure" time="0.080" /><testcase classname="tests.test_booking_system.TestMyBookings" name="test_my_bookings_have_required_fields" time="0.075" /><testcase classname="tests.test_booking_system.TestMyBookings" name="test_my_bookings_filter_by_status" time="0.117" /><testcase classname="tests.test_booking_system.TestCancelBooking" name="test_cancel_nonexistent_booking_returns_404" time="0.528" /><testcase classname="tests.test_booking_system.TestCancelBooking" name="test_cancel_booking_more_than_24h" time="0.211" /><testcase classname="tests.test_booking_system.TestCancelBooking" name="test_cancel_booking_less_than_24h_requires_confirmation" time="0.064"><skipped type="pytest.skip" message="No booking within 24 hours for testing">/app/backend/tests/test_booking_system.py:371: No booking within 24 hours for testing</skipped></testcase><testcase classname="tests.test_booking_system.TestCancelBooking" name="test_cancel_booking_less_than_24h_with_confirmation" time="0.112"><skipped type="pytest.skip" message="No booking within 24 hours for testing">/app/backend/tests/test_booking_system.py:398: No booking within 24 hours for testing</skipped></testcase><testcase classname="tests.test_booking_system.TestEditBooking" name="test_edit_nonexistent_booking_returns_404" time="0.525" /><testcase classname="tests.test_booking_system.TestEditBooking" name="test_edit_booking_change_time" time="0.149" /><testcase classname="tests.test_booking_system.TestEditBooking" name="test_edit_booking_change_duration_upgrade" time="0.173" /><testcase classname="tests.test_booking_system.TestEditBooking" name="test_edit_booking_no_changes_returns_error" time="0.161" /><testcase classname="tests.test_booking_system.TestWalletIntegration" name="test_wallet_balance_endpoint" time="0.599" /><testcase classname="tests.test_booking_system.TestWalletIntegration" name="test_credit_costs_are_correct" time="0.001" /><testcase classname="tests.test_booking_system.TestEndToEndBookingFlow" name="test_complete_booking_flow" time="0.820" /></testsuite></testsuites>