<?xml version="1.0" encoding="utf-8"?><testsuites name="pytest tests"><testsuite name="pytest" errors="0" failures="1" skipped="0" tests="14" time="12.784" timestamp="2026-02-17T20:29:53.042156+00:00" hostname="agent-env-32e1e104-4668-4576-a215-226a57933662"><testcase classname="backend.tests.test_classroom_batch3.TestSessionProgress" name="test_progress_submission_success" time="1.479"><failure message="AssertionError: Progress submission failed: {&quot;detail&quot;:&quot;Not authorized&quot;}&#10;assert 403 == 200&#10; +  where 403 = &lt;Response [403]&gt;.status_code">backend/tests/test_classroom_batch3.py:145: in test_progress_submission_success
    assert res.status_code == 200, f"Progress submission failed: {res.text}"
E   AssertionError: Progress submission failed: {"detail":"Not authorized"}
E   assert 403 == 200
E    +  where 403 = &lt;Response [403]&gt;.status_code</failure></testcase><testcase classname="backend.tests.test_classroom_batch3.TestSessionProgress" name="test_progress_submission_student_forbidden" time="1.448" /><testcase classname="backend.tests.test_classroom_batch3.TestSessionProgress" name="test_progress_validation_missing_surah" time="1.439" /><testcase classname="backend.tests.test_classroom_batch3.TestStudentRating" name="test_rating_submission_success" time="1.539" /><testcase classname="backend.tests.test_classroom_batch3.TestStudentRating" name="test_rating_teacher_forbidden" time="1.513" /><testcase classname="backend.tests.test_classroom_batch3.TestStudentRating" name="test_rating_invalid_value" time="1.576" /><testcase classname="backend.tests.test_classroom_batch3.TestRecordingToggle" name="test_recording_toggle_teacher_visible" time="0.389" /><testcase classname="backend.tests.test_classroom_batch3.TestRecordingToggle" name="test_recording_toggle_stop" time="0.339" /><testcase classname="backend.tests.test_classroom_batch3.TestWebSocketEvents" name="test_websocket_raise_hand" time="0.528" /><testcase classname="backend.tests.test_classroom_batch3.TestWebSocketEvents" name="test_websocket_lower_hand" time="0.601" /><testcase classname="backend.tests.test_classroom_batch3.TestWebSocketEvents" name="test_websocket_end_class" time="0.871" /><testcase classname="backend.tests.test_classroom_batch3.TestWebSocketEvents" name="test_websocket_chat" time="0.587" /><testcase classname="backend.tests.test_classroom_batch3.TestFrontendModals" name="test_landing_page_loads" time="0.119" /><testcase classname="backend.tests.test_classroom_batch3.TestFrontendModals" name="test_classroom_route_protected" time="0.270" /></testsuite></testsuites>