<?xml version="1.0" encoding="utf-8"?><testsuites name="pytest tests"><testsuite name="pytest" errors="0" failures="0" skipped="0" tests="11" time="4.138" timestamp="2026-02-18T16:30:18.535544+00:00" hostname="agent-env-0bd9a044-c3bd-4396-a37c-ae72f32110c0"><testcase classname="backend.tests.test_batch5_5_fixes.TestAPIAccessible" name="test_api_accessible" time="0.334" /><testcase classname="backend.tests.test_batch5_5_fixes.TestCommissionTiersEndpoint" name="test_commission_tiers_endpoint" time="0.281" /><testcase classname="backend.tests.test_batch5_5_fixes.TestCommissionTiersEndpoint" name="test_tier_thresholds" time="0.211" /><testcase classname="backend.tests.test_batch5_5_fixes.TestSessionPricing" name="test_pricing_config_exists" time="0.000" /><testcase classname="backend.tests.test_batch5_5_fixes.TestTeacherAuthFlow" name="test_teacher_registration" time="1.136" /><testcase classname="backend.tests.test_batch5_5_fixes.TestTeacherAuthFlow" name="test_dashboard_data_returns_tier_info" time="0.168" /><testcase classname="backend.tests.test_batch5_5_fixes.TestTeacherAuthFlow" name="test_bookings_endpoint_for_teacher" time="0.181" /><testcase classname="backend.tests.test_batch5_5_fixes.TestProfileUpdateEndpoints" name="test_auth_update_profile_returns_updated_user" time="0.677" /><testcase classname="backend.tests.test_batch5_5_fixes.TestProfileUpdateEndpoints" name="test_teacher_update_profile_returns_updated_teacher" time="0.214" /><testcase classname="backend.tests.test_batch5_5_fixes.TestAvailabilityBulk" name="test_bulk_availability_save" time="0.723" /><testcase classname="backend.tests.test_batch5_5_fixes.TestCommissionCalculation" name="test_new_teacher_gets_40_percent_fee" time="0.142" /></testsuite></testsuites>