<?xml version="1.0" encoding="utf-8"?><testsuites name="pytest tests"><testsuite name="pytest" errors="0" failures="4" skipped="0" tests="9" time="2.265" timestamp="2026-02-13T19:06:54.221878+00:00" hostname="agent-env-4e18e45c-76c4-4f2f-8000-cc34b0120ae2"><testcase classname="backend.tests.test_hourly_rate_removal.TestHourlyRateRemovalFromPayroll" name="test_payroll_no_hourly_rate" time="0.288" /><testcase classname="backend.tests.test_hourly_rate_removal.TestHourlyRateRemovalFromPayroll" name="test_payroll_has_commission_tier" time="0.199" /><testcase classname="backend.tests.test_hourly_rate_removal.TestHourlyRateRemovalFromTeacherProfile" name="test_teacher_list_no_hourly_rate" time="0.215"><failure message="AssertionError: hourly_rate found for teacher teacher_001&#10;assert 'hourly_rate' not in {'average_rating': 4.9, 'bio': &quot;Experienced Quran teacher with 10+ years specializing in Tajweed and memorization. Hafiz with Ijazah in Qira'at Asim.&quot;, 'commission_rate': 0.3, 'hourly_rate': 80.0, ...}">backend/tests/test_hourly_rate_removal.py:66: in test_teacher_list_no_hourly_rate
    assert "hourly_rate" not in teacher, f"hourly_rate found for teacher {teacher.get('teacher_id')}"
E   AssertionError: hourly_rate found for teacher teacher_001
E   assert 'hourly_rate' not in {'average_rating': 4.9, 'bio': "Experienced Quran teacher with 10+ years specializing in Tajweed and memorization. Hafiz with Ijazah in Qira'at Asim.", 'commission_rate': 0.3, 'hourly_rate': 80.0, ...}</failure></testcase><testcase classname="backend.tests.test_hourly_rate_removal.TestHourlyRateRemovalFromTeacherProfile" name="test_teacher_dashboard_no_hourly_rate" time="0.160" /><testcase classname="backend.tests.test_hourly_rate_removal.TestHourlyRateRemovalFromAdminUsersList" name="test_admin_users_no_hourly_rate" time="0.140"><failure message="AssertionError: hourly_rate found in teacher_info for ustaz.ahmad@alilm.com&#10;assert 'hourly_rate' not in {'average_rating': 4.9, 'bio': &quot;Experienced Quran teacher with 10+ years specializing in Tajweed and memorization. Hafiz with Ijazah in Qira'at Asim.&quot;, 'commission_rate': 0.3, 'hourly_rate': 80.0, ...}">backend/tests/test_hourly_rate_removal.py:96: in test_admin_users_no_hourly_rate
    assert "hourly_rate" not in user["teacher_info"], f"hourly_rate found in teacher_info for {user.get('email')}"
E   AssertionError: hourly_rate found in teacher_info for ustaz.ahmad@alilm.com
E   assert 'hourly_rate' not in {'average_rating': 4.9, 'bio': "Experienced Quran teacher with 10+ years specializing in Tajweed and memorization. Hafiz with Ijazah in Qira'at Asim.", 'commission_rate': 0.3, 'hourly_rate': 80.0, ...}</failure></testcase><testcase classname="backend.tests.test_hourly_rate_removal.TestTeacherProfileUpdateNoHourlyRate" name="test_teacher_profile_update_ignores_hourly_rate" time="0.337"><failure message="assert 401 == 200&#10; +  where 401 = &lt;Response [401]&gt;.status_code">backend/tests/test_hourly_rate_removal.py:126: in test_teacher_profile_update_ignores_hourly_rate
    assert response.status_code == 200
E   assert 401 == 200
E    +  where 401 = &lt;Response [401]&gt;.status_code</failure></testcase><testcase classname="backend.tests.test_hourly_rate_removal.TestPayrollCalculationFromSessionRecords" name="test_payroll_uses_session_records" time="0.121" /><testcase classname="backend.tests.test_hourly_rate_removal.TestCreditBasedPricing" name="test_revenue_report_structure" time="0.169" /><testcase classname="backend.tests.test_hourly_rate_removal.TestTeacherTransactionsNoHourlyRate" name="test_transactions_no_hourly_rate" time="0.503"><failure message="assert 401 == 200&#10; +  where 401 = &lt;Response [401]&gt;.status_code">backend/tests/test_hourly_rate_removal.py:197: in test_transactions_no_hourly_rate
    assert response.status_code == 200
E   assert 401 == 200
E    +  where 401 = &lt;Response [401]&gt;.status_code</failure></testcase></testsuite></testsuites>