<?xml version="1.0" encoding="utf-8"?><testsuites name="pytest tests"><testsuite name="pytest" errors="0" failures="0" skipped="0" tests="31" time="1.526" timestamp="2026-01-13T13:46:46.796247+00:00" hostname="agent-env-5b709e43-5590-46f1-9510-29162e43ee06"><testcase classname="tests.test_auth_and_roles.TestHealthCheck" name="test_api_root" time="0.077" /><testcase classname="tests.test_auth_and_roles.TestAuthEndpoints" name="test_auth_me_without_token" time="0.036" /><testcase classname="tests.test_auth_and_roles.TestAuthEndpoints" name="test_auth_me_with_invalid_token" time="0.041" /><testcase classname="tests.test_auth_and_roles.TestAuthEndpoints" name="test_auth_me_admin_user" time="0.045" /><testcase classname="tests.test_auth_and_roles.TestAuthEndpoints" name="test_auth_me_student_user" time="0.045" /><testcase classname="tests.test_auth_and_roles.TestAdminEndpoints" name="test_admin_stats_with_admin_token" time="0.054" /><testcase classname="tests.test_auth_and_roles.TestAdminEndpoints" name="test_admin_stats_with_student_token" time="0.047" /><testcase classname="tests.test_auth_and_roles.TestAdminEndpoints" name="test_admin_stats_without_token" time="0.034" /><testcase classname="tests.test_auth_and_roles.TestAdminEndpoints" name="test_admin_users_with_admin_token" time="0.053" /><testcase classname="tests.test_auth_and_roles.TestStudentEndpoints" name="test_student_dashboard_with_student_token" time="0.037" /><testcase classname="tests.test_auth_and_roles.TestStudentEndpoints" name="test_student_dashboard_with_admin_token" time="0.039" /><testcase classname="tests.test_auth_and_roles.TestStudentEndpoints" name="test_student_dashboard_without_token" time="0.035" /><testcase classname="tests.test_auth_and_roles.TestTeacherEndpoints" name="test_get_teachers_list" time="0.053" /><testcase classname="tests.test_auth_and_roles.TestOnboardingEndpoints" name="test_complete_onboarding_without_token" time="0.034" /><testcase classname="tests.test_p2_features.TestTeacherDashboard" name="test_teacher_dashboard_with_teacher_token" time="0.047" /><testcase classname="tests.test_p2_features.TestTeacherDashboard" name="test_teacher_dashboard_with_student_token" time="0.081" /><testcase classname="tests.test_p2_features.TestTeacherDashboard" name="test_teacher_dashboard_without_token" time="0.036" /><testcase classname="tests.test_p2_features.TestTeacherAvailability" name="test_get_teacher_availability" time="0.048" /><testcase classname="tests.test_p2_features.TestTeacherAvailability" name="test_create_availability_as_teacher" time="0.043" /><testcase classname="tests.test_p2_features.TestTeacherAvailability" name="test_create_availability_as_student_fails" time="0.040" /><testcase classname="tests.test_p2_features.TestBrowseTeachers" name="test_get_teachers_list" time="0.033" /><testcase classname="tests.test_p2_features.TestBrowseTeachers" name="test_get_single_teacher" time="0.037" /><testcase classname="tests.test_p2_features.TestBrowseTeachers" name="test_get_nonexistent_teacher" time="0.037" /><testcase classname="tests.test_p2_features.TestStudentBooking" name="test_student_dashboard_returns_student_id" time="0.045" /><testcase classname="tests.test_p2_features.TestStudentBooking" name="test_create_booking_as_student" time="0.080" /><testcase classname="tests.test_p2_features.TestStudentBooking" name="test_create_booking_without_auth_fails" time="0.036" /><testcase classname="tests.test_p2_features.TestJoinClass" name="test_booking_includes_meet_link" time="0.052" /><testcase classname="tests.test_p2_features.TestJoinClass" name="test_teacher_has_meet_link" time="0.082" /><testcase classname="tests.test_p2_features.TestAdminDashboard" name="test_admin_stats" time="0.049" /><testcase classname="tests.test_p2_features.TestAdminDashboard" name="test_admin_users_list" time="0.037" /><testcase classname="tests.test_p2_features.TestAdminDashboard" name="test_admin_users_filter_by_role" time="0.040" /></testsuite></testsuites>