<?xml version="1.0" encoding="utf-8"?><testsuites name="pytest tests"><testsuite name="pytest" errors="0" failures="0" skipped="0" tests="13" time="6.555" timestamp="2026-02-18T06:41:22.954083+00:00" hostname="agent-env-bd6c4c9d-62e2-47e2-a699-4773d001afd0"><testcase classname="tests.test_batch4_punchlist.TestSupportTicketSystem" name="test_create_support_ticket_technical" time="0.539" /><testcase classname="tests.test_batch4_punchlist.TestSupportTicketSystem" name="test_create_support_ticket_billing" time="0.485" /><testcase classname="tests.test_batch4_punchlist.TestSupportTicketSystem" name="test_create_support_ticket_general" time="0.433" /><testcase classname="tests.test_batch4_punchlist.TestSupportTicketSystem" name="test_create_support_ticket_empty_message_rejected" time="0.432" /><testcase classname="tests.test_batch4_punchlist.TestSupportTicketSystem" name="test_create_support_ticket_invalid_subject_rejected" time="0.438" /><testcase classname="tests.test_batch4_punchlist.TestSupportTicketSystem" name="test_admin_support_tickets_requires_admin" time="0.433" /><testcase classname="tests.test_batch4_punchlist.TestCustomTopupSystem" name="test_custom_topup_single_credit" time="0.591" /><testcase classname="tests.test_batch4_punchlist.TestCustomTopupSystem" name="test_custom_topup_multiple_credits" time="0.564" /><testcase classname="tests.test_batch4_punchlist.TestCustomTopupSystem" name="test_custom_topup_max_credits" time="0.562" /><testcase classname="tests.test_batch4_punchlist.TestCustomTopupSystem" name="test_custom_topup_zero_credits_rejected" time="0.452" /><testcase classname="tests.test_batch4_punchlist.TestCustomTopupSystem" name="test_custom_topup_over_100_credits_rejected" time="0.470" /><testcase classname="tests.test_batch4_punchlist.TestCustomTopupSystem" name="test_custom_topup_negative_credits_rejected" time="0.440" /><testcase classname="tests.test_batch4_punchlist.TestCustomTopupSystem" name="test_custom_topup_creates_transaction_record" time="0.526" /></testsuite></testsuites>