<?xml version="1.0" encoding="utf-8"?><testsuites name="pytest tests"><testsuite name="pytest" errors="0" failures="0" skipped="2" tests="9" time="2.214" timestamp="2026-02-13T19:09:29.563406+00:00" hostname="agent-env-4e18e45c-76c4-4f2f-8000-cc34b0120ae2"><testcase classname="backend.tests.test_hourly_rate_removal.TestHourlyRateRemovalFromPayroll" name="test_payroll_no_hourly_rate" time="0.187" /><testcase classname="backend.tests.test_hourly_rate_removal.TestHourlyRateRemovalFromPayroll" name="test_payroll_has_commission_tier" time="0.149" /><testcase classname="backend.tests.test_hourly_rate_removal.TestHourlyRateRemovalFromTeacherProfile" name="test_teacher_list_no_hourly_rate" time="0.213" /><testcase classname="backend.tests.test_hourly_rate_removal.TestHourlyRateRemovalFromTeacherProfile" name="test_teacher_dashboard_no_hourly_rate" time="0.148" /><testcase classname="backend.tests.test_hourly_rate_removal.TestHourlyRateRemovalFromAdminUsersList" name="test_admin_users_no_hourly_rate" time="0.218" /><testcase classname="backend.tests.test_hourly_rate_removal.TestTeacherProfileUpdateNoHourlyRate" name="test_teacher_profile_update_ignores_hourly_rate" time="0.511"><skipped type="pytest.skip" message="Admin session doesn't have teacher permissions">/app/backend/tests/test_hourly_rate_removal.py:128: Admin session doesn't have teacher permissions</skipped></testcase><testcase classname="backend.tests.test_hourly_rate_removal.TestPayrollCalculationFromSessionRecords" name="test_payroll_uses_session_records" time="0.145" /><testcase classname="backend.tests.test_hourly_rate_removal.TestCreditBasedPricing" name="test_revenue_report_structure" time="0.196" /><testcase classname="backend.tests.test_hourly_rate_removal.TestTeacherTransactionsNoHourlyRate" name="test_transactions_no_hourly_rate" time="0.383"><skipped type="pytest.skip" message="Admin session doesn't have permissions for this endpoint">/app/backend/tests/test_hourly_rate_removal.py:202: Admin session doesn't have permissions for this endpoint</skipped></testcase></testsuite></testsuites>