<?xml version="1.0" encoding="utf-8"?><testsuites name="pytest tests"><testsuite name="pytest" errors="0" failures="0" skipped="0" tests="29" time="0.248" timestamp="2026-02-13T03:50:42.771268+00:00" hostname="agent-env-930a3096-7298-4aaf-9e5f-032bf523d6a5"><testcase classname="backend.tests.test_revenue_recognition.TestRevenueRecognitionEndpoint" name="test_revenue_recognition_endpoint_returns_200" time="0.104" /><testcase classname="backend.tests.test_revenue_recognition.TestRevenueRecognitionEndpoint" name="test_response_has_all_required_sections" time="0.016" /><testcase classname="backend.tests.test_revenue_recognition.TestRevenueRecognitionEndpoint" name="test_cash_flow_has_total_cash_collected" time="0.000" /><testcase classname="backend.tests.test_revenue_recognition.TestRevenueRecognitionEndpoint" name="test_cash_flow_total_is_200" time="0.000" /><testcase classname="backend.tests.test_revenue_recognition.TestRevenueRecognitionEndpoint" name="test_cash_flow_has_last_30_days" time="0.000" /><testcase classname="backend.tests.test_revenue_recognition.TestRevenueRecognitionEndpoint" name="test_commission_earned_is_zero_no_sessions" time="0.000" /><testcase classname="backend.tests.test_revenue_recognition.TestRevenueRecognitionEndpoint" name="test_revenue_recognition_has_commission_rate" time="0.000" /><testcase classname="backend.tests.test_revenue_recognition.TestRevenueRecognitionEndpoint" name="test_revenue_recognition_has_description" time="0.000" /><testcase classname="backend.tests.test_revenue_recognition.TestRevenueRecognitionEndpoint" name="test_tutor_payable_is_zero_no_sessions" time="0.000" /><testcase classname="backend.tests.test_revenue_recognition.TestRevenueRecognitionEndpoint" name="test_tutor_payable_has_already_paid" time="0.000" /><testcase classname="backend.tests.test_revenue_recognition.TestRevenueRecognitionEndpoint" name="test_tutor_payable_has_pending_payment" time="0.000" /><testcase classname="backend.tests.test_revenue_recognition.TestRevenueRecognitionEndpoint" name="test_tutor_payable_has_payout_rate" time="0.000" /><testcase classname="backend.tests.test_revenue_recognition.TestRevenueRecognitionEndpoint" name="test_pending_equals_total_minus_paid" time="0.000" /><testcase classname="backend.tests.test_revenue_recognition.TestRevenueRecognitionEndpoint" name="test_deferred_revenue_amount" time="0.000" /><testcase classname="backend.tests.test_revenue_recognition.TestRevenueRecognitionEndpoint" name="test_deferred_equals_cash_minus_recognized" time="0.000" /><testcase classname="backend.tests.test_revenue_recognition.TestRevenueRecognitionEndpoint" name="test_deferred_revenue_equals_cash_when_no_sessions" time="0.000" /><testcase classname="backend.tests.test_revenue_recognition.TestRevenueRecognitionEndpoint" name="test_deferred_revenue_breakdown_structure" time="0.000" /><testcase classname="backend.tests.test_revenue_recognition.TestRevenueRecognitionEndpoint" name="test_outstanding_credits_has_paid_and_bonus" time="0.000" /><testcase classname="backend.tests.test_revenue_recognition.TestRevenueRecognitionEndpoint" name="test_outstanding_total_equals_paid_plus_bonus" time="0.000" /><testcase classname="backend.tests.test_revenue_recognition.TestRevenueRecognitionEndpoint" name="test_outstanding_paid_credits_is_8" time="0.000" /><testcase classname="backend.tests.test_revenue_recognition.TestRevenueRecognitionEndpoint" name="test_outstanding_bonus_credits_is_1" time="0.000" /><testcase classname="backend.tests.test_revenue_recognition.TestRevenueRecognitionEndpoint" name="test_accounting_summary_has_gross_revenue" time="0.000" /><testcase classname="backend.tests.test_revenue_recognition.TestRevenueRecognitionEndpoint" name="test_accounting_summary_has_net_platform_revenue" time="0.000" /><testcase classname="backend.tests.test_revenue_recognition.TestRevenueRecognitionEndpoint" name="test_gross_revenue_calculation" time="0.000" /><testcase classname="backend.tests.test_revenue_recognition.TestRevenueRecognitionEndpoint" name="test_net_platform_revenue_calculation" time="0.000" /><testcase classname="backend.tests.test_revenue_recognition.TestRevenueRecognitionEndpoint" name="test_session_summary_has_total_completed" time="0.000" /><testcase classname="backend.tests.test_revenue_recognition.TestRevenueRecognitionEndpoint" name="test_session_summary_total_is_zero" time="0.000" /><testcase classname="backend.tests.test_revenue_recognition.TestRevenueRecognitionEndpoint" name="test_revenue_recognition_policy" time="0.000" /><testcase classname="backend.tests.test_revenue_recognition.TestRevenueRecognitionValues" name="test_expected_values_summary" time="0.046" /></testsuite></testsuites>