<?xml version="1.0" encoding="utf-8"?><testsuites name="pytest tests"><testsuite name="pytest" errors="0" failures="0" skipped="0" tests="17" time="2.802" timestamp="2026-02-19T18:09:14.058815+00:00" hostname="agent-env-0bd9a044-c3bd-4396-a37c-ae72f32110c0"><testcase classname="tests.test_batch5_8_classroom.TestClassroomSessionEndpoint" name="test_get_session_details_as_teacher" time="0.294" /><testcase classname="tests.test_batch5_8_classroom.TestClassroomSessionEndpoint" name="test_get_session_details_as_student" time="0.165" /><testcase classname="tests.test_batch5_8_classroom.TestClassroomSessionEndpoint" name="test_get_session_details_as_admin" time="0.109" /><testcase classname="tests.test_batch5_8_classroom.TestClassroomSessionEndpoint" name="test_get_session_details_unauthenticated" time="0.183" /><testcase classname="tests.test_batch5_8_classroom.TestClassroomSessionEndpoint" name="test_get_session_not_found" time="0.121" /><testcase classname="tests.test_batch5_8_classroom.TestLiveKitTokenEndpoint" name="test_generate_token_as_teacher" time="0.125" /><testcase classname="tests.test_batch5_8_classroom.TestLiveKitTokenEndpoint" name="test_generate_token_as_student" time="0.196" /><testcase classname="tests.test_batch5_8_classroom.TestLiveKitTokenEndpoint" name="test_generate_token_as_admin" time="0.185" /><testcase classname="tests.test_batch5_8_classroom.TestLiveKitTokenEndpoint" name="test_generate_token_missing_room_name" time="0.173" /><testcase classname="tests.test_batch5_8_classroom.TestLiveKitTokenEndpoint" name="test_generate_token_unauthenticated" time="0.126" /><testcase classname="tests.test_batch5_8_classroom.TestGoLiveEndpoint" name="test_go_live_as_teacher" time="0.161" /><testcase classname="tests.test_batch5_8_classroom.TestGoLiveEndpoint" name="test_go_live_as_student" time="0.122" /><testcase classname="tests.test_batch5_8_classroom.TestNextClassEndpoint" name="test_next_class_as_teacher" time="0.137" /><testcase classname="tests.test_batch5_8_classroom.TestNextClassEndpoint" name="test_next_class_as_student" time="0.148" /><testcase classname="tests.test_batch5_8_classroom.TestAuthMeEndpoint" name="test_auth_me_student" time="0.177" /><testcase classname="tests.test_batch5_8_classroom.TestAuthMeEndpoint" name="test_auth_me_teacher" time="0.126" /><testcase classname="tests.test_batch5_8_classroom.TestAuthMeEndpoint" name="test_auth_me_admin" time="0.137" /></testsuite></testsuites>