<?xml version="1.0" encoding="utf-8"?><testsuites name="pytest tests"><testsuite name="pytest" errors="0" failures="0" skipped="0" tests="16" time="2.435" timestamp="2026-02-13T03:43:41.148371+00:00" hostname="agent-env-930a3096-7298-4aaf-9e5f-032bf523d6a5"><testcase classname="backend.tests.test_credit_liability.TestCreditLiabilityEndpoint" name="test_liability_endpoint_returns_200" time="0.096" /><testcase classname="backend.tests.test_credit_liability.TestCreditLiabilityEndpoint" name="test_liability_response_has_required_sections" time="0.047" /><testcase classname="backend.tests.test_credit_liability.TestCreditLiabilityEndpoint" name="test_credit_liability_structure" time="0.077" /><testcase classname="backend.tests.test_credit_liability.TestCreditLiabilityEndpoint" name="test_tutor_payout_exposure_structure" time="0.041" /><testcase classname="backend.tests.test_credit_liability.TestCreditLiabilityEndpoint" name="test_wallet_summary_structure" time="0.042" /><testcase classname="backend.tests.test_credit_liability.TestCreditLiabilityEndpoint" name="test_historical_usage_structure" time="0.088" /><testcase classname="backend.tests.test_credit_liability.TestCreditLiabilityEndpoint" name="test_base_rates_values" time="0.044" /><testcase classname="backend.tests.test_credit_liability.TestCreditLiabilityCalculations" name="test_total_credits_equals_paid_plus_bonus" time="0.048" /><testcase classname="backend.tests.test_credit_liability.TestCreditLiabilityCalculations" name="test_paid_credits_monetary_value_calculation" time="0.040" /><testcase classname="backend.tests.test_credit_liability.TestCreditLiabilityCalculations" name="test_tutor_payout_exposure_calculation" time="0.079" /><testcase classname="backend.tests.test_credit_liability.TestCreditLiabilityCalculations" name="test_platform_commission_calculation" time="0.042" /><testcase classname="backend.tests.test_credit_liability.TestCreditLiabilityCalculations" name="test_tutor_plus_commission_equals_total_value" time="0.037" /><testcase classname="backend.tests.test_credit_liability.TestCreditLiabilityDataIntegrity" name="test_paid_credits_matches_wallet_sum" time="0.409" /><testcase classname="backend.tests.test_credit_liability.TestCreditLiabilityDataIntegrity" name="test_bonus_credits_matches_wallet_sum" time="0.417" /><testcase classname="backend.tests.test_credit_liability.TestCreditLiabilityDataIntegrity" name="test_wallet_count_matches_db" time="0.414" /><testcase classname="backend.tests.test_credit_liability.TestCreditLiabilityDataIntegrity" name="test_wallets_with_balance_matches_db" time="0.408" /></testsuite></testsuites>