<?xml version="1.0" encoding="utf-8"?><testsuites name="pytest tests"><testsuite name="pytest" errors="0" failures="0" skipped="0" tests="12" time="6.101" timestamp="2026-02-13T03:23:09.858349+00:00" hostname="agent-env-930a3096-7298-4aaf-9e5f-032bf523d6a5"><testcase classname="tests.test_wallet_system.TestWalletPackages" name="test_get_packages_returns_correct_structure" time="0.110" /><testcase classname="tests.test_wallet_system.TestWalletPackages" name="test_starter_pack_rm100_gives_9_credits" time="0.039" /><testcase classname="tests.test_wallet_system.TestWalletPackages" name="test_value_pack_rm300_gives_27_credits" time="0.040" /><testcase classname="tests.test_wallet_system.TestWalletPackages" name="test_premium_pack_rm500_gives_46_credits" time="0.043" /><testcase classname="tests.test_wallet_system.TestWalletTopup" name="test_create_payment_intent_with_paid_bonus_split" time="1.067" /><testcase classname="tests.test_wallet_system.TestWalletTopup" name="test_confirm_topup_allocates_separate_credits" time="0.890" /><testcase classname="tests.test_wallet_system.TestWalletTopup" name="test_wallet_balance_shows_separate_credits" time="0.949" /><testcase classname="tests.test_wallet_system.TestTransactionHistory" name="test_transactions_contain_topup_paid_type" time="0.899" /><testcase classname="tests.test_wallet_system.TestTransactionHistory" name="test_transactions_contain_topup_bonus_type" time="0.896" /><testcase classname="tests.test_wallet_system.TestBonusCreditExpiry" name="test_bonus_credits_endpoint_returns_expiry_info" time="0.918" /><testcase classname="tests.test_wallet_system.TestWalletBalanceValidation" name="test_balance_requires_user_id" time="0.043" /><testcase classname="tests.test_wallet_system.TestWalletBalanceValidation" name="test_balance_invalid_user_returns_404" time="0.035" /></testsuite></testsuites>