<?xml version="1.0" encoding="utf-8"?><testsuites name="pytest tests"><testsuite name="pytest" errors="0" failures="0" skipped="1" tests="30" time="1.779" timestamp="2026-02-13T04:34:02.833998+00:00" hostname="agent-env-0f1ee1f5-0053-4f85-82ad-2f1875d1b43b"><testcase classname="backend.tests.test_tutor_earnings.TestTutorEarningsBalance" name="test_balance_endpoint_with_valid_teacher" time="0.092" /><testcase classname="backend.tests.test_tutor_earnings.TestTutorEarningsBalance" name="test_balance_endpoint_with_invalid_user" time="0.036" /><testcase classname="backend.tests.test_tutor_earnings.TestTutorEarningsBalance" name="test_balance_response_structure" time="0.076" /><testcase classname="backend.tests.test_tutor_earnings.TestTutorTransactions" name="test_transactions_endpoint_returns_200" time="0.076" /><testcase classname="backend.tests.test_tutor_earnings.TestTutorTransactions" name="test_transactions_response_structure" time="0.074" /><testcase classname="backend.tests.test_tutor_earnings.TestTutorTransactions" name="test_transactions_invalid_user_returns_404" time="0.032" /><testcase classname="backend.tests.test_tutor_earnings.TestWithdrawalHistory" name="test_withdrawals_endpoint_returns_200" time="0.074" /><testcase classname="backend.tests.test_tutor_earnings.TestWithdrawalHistory" name="test_withdrawals_response_structure" time="0.072" /><testcase classname="backend.tests.test_tutor_earnings.TestWithdrawalRequest" name="test_withdraw_with_zero_amount_returns_400" time="0.071" /><testcase classname="backend.tests.test_tutor_earnings.TestWithdrawalRequest" name="test_withdraw_with_negative_amount_returns_400" time="0.073" /><testcase classname="backend.tests.test_tutor_earnings.TestWithdrawalRequest" name="test_withdraw_exceeding_balance_returns_400" time="0.068" /><testcase classname="backend.tests.test_tutor_earnings.TestWithdrawalRequest" name="test_withdraw_invalid_user_returns_404" time="0.037" /><testcase classname="backend.tests.test_tutor_earnings.TestAdminPendingWithdrawals" name="test_pending_withdrawals_returns_200" time="0.032" /><testcase classname="backend.tests.test_tutor_earnings.TestAdminPendingWithdrawals" name="test_pending_withdrawals_response_structure" time="0.036" /><testcase classname="backend.tests.test_tutor_earnings.TestAdminPendingWithdrawals" name="test_pending_withdrawals_have_teacher_info" time="0.034" /><testcase classname="backend.tests.test_tutor_earnings.TestAdminCommissionEarned" name="test_commission_earned_returns_200" time="0.037" /><testcase classname="backend.tests.test_tutor_earnings.TestAdminCommissionEarned" name="test_commission_earned_response_structure" time="0.041" /><testcase classname="backend.tests.test_tutor_earnings.TestAdminCommissionEarned" name="test_commission_earned_fields" time="0.080" /><testcase classname="backend.tests.test_tutor_earnings.TestAdminCommissionEarned" name="test_withdrawals_stats_fields" time="0.034" /><testcase classname="backend.tests.test_tutor_earnings.TestAdminAllWithdrawals" name="test_all_withdrawals_returns_200" time="0.038" /><testcase classname="backend.tests.test_tutor_earnings.TestAdminAllWithdrawals" name="test_all_withdrawals_with_status_filter" time="0.102" /><testcase classname="backend.tests.test_tutor_earnings.TestAdminAllWithdrawals" name="test_all_withdrawals_response_structure" time="0.032" /><testcase classname="backend.tests.test_tutor_earnings.TestAdminProcessWithdrawal" name="test_process_nonexistent_withdrawal_returns_404" time="0.034" /><testcase classname="backend.tests.test_tutor_earnings.TestAdminProcessWithdrawal" name="test_process_requires_rejection_reason" time="0.035"><skipped type="pytest.skip" message="No pending withdrawals to test">/app/backend/tests/test_tutor_earnings.py:390: No pending withdrawals to test</skipped></testcase><testcase classname="backend.tests.test_tutor_earnings.TestAdminTutorEarnings" name="test_admin_get_tutor_earnings_returns_200" time="0.072" /><testcase classname="backend.tests.test_tutor_earnings.TestAdminTutorEarnings" name="test_admin_get_tutor_earnings_structure" time="0.071" /><testcase classname="backend.tests.test_tutor_earnings.TestAdminTutorEarnings" name="test_admin_get_invalid_tutor_returns_404" time="0.032" /><testcase classname="backend.tests.test_tutor_earnings.TestBusinessLogic" name="test_new_teacher_has_zero_balance" time="0.073" /><testcase classname="backend.tests.test_tutor_earnings.TestBusinessLogic" name="test_commission_rate_matches_tier" time="0.076" /><testcase classname="backend.tests.test_tutor_earnings.TestBusinessLogic" name="test_tutor_rate_plus_commission_equals_one" time="0.071" /></testsuite></testsuites>