<?xml version="1.0" encoding="utf-8"?><testsuites name="pytest tests"><testsuite name="pytest" errors="0" failures="2" skipped="0" tests="21" time="3.950" timestamp="2026-02-13T18:44:35.117040+00:00" hostname="agent-env-4e18e45c-76c4-4f2f-8000-cc34b0120ae2"><testcase classname="tests.test_admin_dashboard.TestAdminStatsEndpoint" name="test_admin_stats_returns_200" time="0.330" /><testcase classname="tests.test_admin_dashboard.TestAdminStatsEndpoint" name="test_admin_stats_has_trial_students" time="0.199" /><testcase classname="tests.test_admin_dashboard.TestAdminStatsEndpoint" name="test_trial_students_have_name_and_email" time="0.147" /><testcase classname="tests.test_admin_dashboard.TestAdminStatsEndpoint" name="test_admin_stats_has_trends_object" time="0.124" /><testcase classname="tests.test_admin_dashboard.TestAdminStatsEndpoint" name="test_admin_stats_has_charts_object" time="0.142" /><testcase classname="tests.test_admin_dashboard.TestAdminStatsEndpoint" name="test_charts_user_growth_structure" time="0.236" /><testcase classname="tests.test_admin_dashboard.TestAdminStatsEndpoint" name="test_charts_attendance_structure" time="0.149" /><testcase classname="tests.test_admin_dashboard.TestSubscriptionsOverviewEndpoint" name="test_subscriptions_overview_returns_200" time="0.144" /><testcase classname="tests.test_admin_dashboard.TestSubscriptionsOverviewEndpoint" name="test_subscriptions_overview_has_counts" time="0.161" /><testcase classname="tests.test_admin_dashboard.TestSubscriptionsOverviewEndpoint" name="test_trials_expiring_soon_has_student_names" time="0.126" /><testcase classname="tests.test_admin_dashboard.TestRevenueRecognitionEndpoint" name="test_revenue_recognition_returns_200" time="0.266" /><testcase classname="tests.test_admin_dashboard.TestRevenueRecognitionEndpoint" name="test_revenue_recognition_has_required_fields" time="0.150" /><testcase classname="tests.test_admin_dashboard.TestRevenueRecognitionEndpoint" name="test_cash_flow_structure" time="0.151" /><testcase classname="tests.test_admin_dashboard.TestRevenueRecognitionEndpoint" name="test_commission_earned_structure" time="0.121" /><testcase classname="tests.test_admin_dashboard.TestRevenueRecognitionEndpoint" name="test_tutor_payable_structure" time="0.169" /><testcase classname="tests.test_admin_dashboard.TestWalletLiabilityEndpoint" name="test_wallet_liability_returns_200" time="0.159" /><testcase classname="tests.test_admin_dashboard.TestWalletLiabilityEndpoint" name="test_wallet_liability_has_credit_liability" time="0.115" /><testcase classname="tests.test_admin_dashboard.TestWalletLiabilityEndpoint" name="test_wallet_liability_has_tutor_exposure" time="0.214" /><testcase classname="tests.test_admin_dashboard.TestAdminAuthRequired" name="test_admin_stats_without_auth_returns_401" time="0.140" /><testcase classname="tests.test_admin_dashboard.TestAdminAuthRequired" name="test_subscriptions_overview_without_auth_returns_401" time="0.164"><failure message="AssertionError: Expected 401 without auth, got 200&#10;assert 200 == 401&#10; +  where 200 = &lt;Response [200]&gt;.status_code">tests/test_admin_dashboard.py:287: in test_subscriptions_overview_without_auth_returns_401
    assert response.status_code == 401, f"Expected 401 without auth, got {response.status_code}"
E   AssertionError: Expected 401 without auth, got 200
E   assert 200 == 401
E    +  where 200 = &lt;Response [200]&gt;.status_code</failure></testcase><testcase classname="tests.test_admin_dashboard.TestAdminAuthRequired" name="test_revenue_recognition_without_auth_returns_401" time="0.363"><failure message="AssertionError: Expected 401 without auth, got 200&#10;assert 200 == 401&#10; +  where 200 = &lt;Response [200]&gt;.status_code">tests/test_admin_dashboard.py:294: in test_revenue_recognition_without_auth_returns_401
    assert response.status_code == 401, f"Expected 401 without auth, got {response.status_code}"
E   AssertionError: Expected 401 without auth, got 200
E   assert 200 == 401
E    +  where 200 = &lt;Response [200]&gt;.status_code</failure></testcase></testsuite></testsuites>