<?xml version="1.0" encoding="utf-8"?><testsuites name="pytest tests"><testsuite name="pytest" errors="0" failures="0" skipped="0" tests="40" time="2.545" timestamp="2026-02-13T04:02:43.868070+00:00" hostname="agent-env-930a3096-7298-4aaf-9e5f-032bf523d6a5"><testcase classname="backend.tests.test_commission_tiers.TestCommissionTiers" name="test_get_tiers_returns_200" time="0.108" /><testcase classname="backend.tests.test_commission_tiers.TestCommissionTiers" name="test_tiers_response_has_tiers_key" time="0.039" /><testcase classname="backend.tests.test_commission_tiers.TestCommissionTiers" name="test_tiers_response_has_thresholds_key" time="0.039" /><testcase classname="backend.tests.test_commission_tiers.TestCommissionTiers" name="test_tiers_has_all_three_levels" time="0.034" /><testcase classname="backend.tests.test_commission_tiers.TestCommissionTiers" name="test_new_tier_commission_rate_is_30_percent" time="0.038" /><testcase classname="backend.tests.test_commission_tiers.TestCommissionTiers" name="test_rated_tier_commission_rate_is_25_percent" time="0.043" /><testcase classname="backend.tests.test_commission_tiers.TestCommissionTiers" name="test_elite_tier_commission_rate_is_20_percent" time="0.076" /><testcase classname="backend.tests.test_commission_tiers.TestCommissionTiers" name="test_thresholds_rated_min_rating" time="0.038" /><testcase classname="backend.tests.test_commission_tiers.TestCommissionTiers" name="test_thresholds_rated_min_reviews" time="0.037" /><testcase classname="backend.tests.test_commission_tiers.TestCommissionTiers" name="test_thresholds_elite_min_sessions" time="0.034" /><testcase classname="backend.tests.test_commission_tiers.TestCommissionTiers" name="test_thresholds_elite_min_rating" time="0.040" /><testcase classname="backend.tests.test_commission_tiers.TestCommissionTiers" name="test_downgrade_threshold_is_4_3" time="0.031" /><testcase classname="backend.tests.test_commission_tiers.TestCommissionAdminSummary" name="test_admin_summary_returns_200" time="0.061" /><testcase classname="backend.tests.test_commission_tiers.TestCommissionAdminSummary" name="test_admin_summary_has_tier_distribution" time="0.036" /><testcase classname="backend.tests.test_commission_tiers.TestCommissionAdminSummary" name="test_admin_summary_has_total_active_tutors" time="0.035" /><testcase classname="backend.tests.test_commission_tiers.TestCommissionAdminSummary" name="test_admin_summary_has_tier_configs" time="0.040" /><testcase classname="backend.tests.test_commission_tiers.TestEvaluateAllTutors" name="test_evaluate_all_returns_200" time="0.157" /><testcase classname="backend.tests.test_commission_tiers.TestEvaluateAllTutors" name="test_evaluate_all_has_total_evaluated" time="0.048" /><testcase classname="backend.tests.test_commission_tiers.TestEvaluateAllTutors" name="test_evaluate_all_has_upgraded_list" time="0.047" /><testcase classname="backend.tests.test_commission_tiers.TestEvaluateAllTutors" name="test_evaluate_all_has_downgraded_list" time="0.051" /><testcase classname="backend.tests.test_commission_tiers.TestEvaluateAllTutors" name="test_evaluate_all_has_unchanged_list" time="0.041" /><testcase classname="backend.tests.test_commission_tiers.TestEvaluateAllTutors" name="test_evaluate_all_has_errors_list" time="0.050" /><testcase classname="backend.tests.test_commission_tiers.TestGetTeacherTierInfo" name="test_get_tutor_tier_returns_200" time="0.069" /><testcase classname="backend.tests.test_commission_tiers.TestGetTeacherTierInfo" name="test_tutor_tier_has_teacher_id" time="0.075" /><testcase classname="backend.tests.test_commission_tiers.TestGetTeacherTierInfo" name="test_tutor_tier_has_tier_level" time="0.075" /><testcase classname="backend.tests.test_commission_tiers.TestGetTeacherTierInfo" name="test_tutor_tier_has_tier_name" time="0.074" /><testcase classname="backend.tests.test_commission_tiers.TestGetTeacherTierInfo" name="test_tutor_tier_has_commission_rate" time="0.070" /><testcase classname="backend.tests.test_commission_tiers.TestGetTeacherTierInfo" name="test_tutor_tier_has_tutor_rate" time="0.073" /><testcase classname="backend.tests.test_commission_tiers.TestGetTeacherTierInfo" name="test_tutor_tier_has_metrics" time="0.070" /><testcase classname="backend.tests.test_commission_tiers.TestGetTeacherTierInfo" name="test_tutor_tier_has_next_tier_info" time="0.073" /><testcase classname="backend.tests.test_commission_tiers.TestGetTeacherTierInfo" name="test_tutor_tier_invalid_teacher_returns_404" time="0.034" /><testcase classname="backend.tests.test_commission_tiers.TestCommissionCalculation" name="test_calculate_commission_returns_200" time="0.074" /><testcase classname="backend.tests.test_commission_tiers.TestCommissionCalculation" name="test_calculate_has_session_price" time="0.072" /><testcase classname="backend.tests.test_commission_tiers.TestCommissionCalculation" name="test_calculate_has_commission_rate" time="0.082" /><testcase classname="backend.tests.test_commission_tiers.TestCommissionCalculation" name="test_calculate_has_platform_earnings" time="0.072" /><testcase classname="backend.tests.test_commission_tiers.TestCommissionCalculation" name="test_calculate_has_tutor_earnings" time="0.075" /><testcase classname="backend.tests.test_commission_tiers.TestCommissionCalculation" name="test_calculate_earnings_sum_equals_price" time="0.073" /><testcase classname="backend.tests.test_commission_tiers.TestCommissionCalculation" name="test_calculate_has_tier_info" time="0.073" /><testcase classname="backend.tests.test_commission_tiers.TestCommissionCalculation" name="test_calculate_commission_for_new_tier" time="0.109" /><testcase classname="backend.tests.test_commission_tiers.TestWalletCommissionIntegration" name="test_wallet_uses_tiered_commission" time="0.032" /></testsuite></testsuites>