<?xml version="1.0" encoding="utf-8"?><testsuites name="pytest tests"><testsuite name="pytest" errors="6" failures="4" skipped="0" tests="13" time="2.088" timestamp="2026-02-17T20:27:54.800068+00:00" hostname="agent-env-32e1e104-4668-4576-a215-226a57933662"><testcase classname="backend.tests.test_classroom_batch3.TestSessionProgress" name="test_progress_submission_success" time="0.334"><error message="failed on setup with &quot;AssertionError: Teacher registration failed: {&quot;detail&quot;:[{&quot;type&quot;:&quot;missing&quot;,&quot;loc&quot;:[&quot;body&quot;,&quot;full_name&quot;],&quot;msg&quot;:&quot;Field required&quot;,&quot;input&quot;:{&quot;email&quot;:&quot;TEST_teacher_prog_7e9b511a@test.com&quot;,&quot;password&quot;:&quot;Test123!&quot;,&quot;name&quot;:&quot;Progress Teacher 7e9b511a&quot;,&quot;role&quot;:&quot;teacher&quot;},&quot;url&quot;:&quot;https://errors.pydantic.dev/2.12/v/missing&quot;}]}&#10;assert 422 == 200&#10; +  where 422 = &lt;Response [422]&gt;.status_code&quot;">backend/tests/test_classroom_batch3.py:43: in setup_session
    assert teacher_res.status_code == 200, f"Teacher registration failed: {teacher_res.text}"
E   AssertionError: Teacher registration failed: {"detail":[{"type":"missing","loc":["body","full_name"],"msg":"Field required","input":{"email":"TEST_teacher_prog_7e9b511a@test.com","password":"Test123!","name":"Progress Teacher 7e9b511a","role":"teacher"},"url":"https://errors.pydantic.dev/2.12/v/missing"}]}
E   assert 422 == 200
E    +  where 422 = &lt;Response [422]&gt;.status_code</error></testcase><testcase classname="backend.tests.test_classroom_batch3.TestSessionProgress" name="test_progress_submission_student_forbidden" time="0.154"><error message="failed on setup with &quot;AssertionError: Teacher registration failed: {&quot;detail&quot;:[{&quot;type&quot;:&quot;missing&quot;,&quot;loc&quot;:[&quot;body&quot;,&quot;full_name&quot;],&quot;msg&quot;:&quot;Field required&quot;,&quot;input&quot;:{&quot;email&quot;:&quot;TEST_teacher_prog_a60f557c@test.com&quot;,&quot;password&quot;:&quot;Test123!&quot;,&quot;name&quot;:&quot;Progress Teacher a60f557c&quot;,&quot;role&quot;:&quot;teacher&quot;},&quot;url&quot;:&quot;https://errors.pydantic.dev/2.12/v/missing&quot;}]}&#10;assert 422 == 200&#10; +  where 422 = &lt;Response [422]&gt;.status_code&quot;">backend/tests/test_classroom_batch3.py:43: in setup_session
    assert teacher_res.status_code == 200, f"Teacher registration failed: {teacher_res.text}"
E   AssertionError: Teacher registration failed: {"detail":[{"type":"missing","loc":["body","full_name"],"msg":"Field required","input":{"email":"TEST_teacher_prog_a60f557c@test.com","password":"Test123!","name":"Progress Teacher a60f557c","role":"teacher"},"url":"https://errors.pydantic.dev/2.12/v/missing"}]}
E   assert 422 == 200
E    +  where 422 = &lt;Response [422]&gt;.status_code</error></testcase><testcase classname="backend.tests.test_classroom_batch3.TestSessionProgress" name="test_progress_validation_missing_surah" time="0.170"><error message="failed on setup with &quot;AssertionError: Teacher registration failed: {&quot;detail&quot;:[{&quot;type&quot;:&quot;missing&quot;,&quot;loc&quot;:[&quot;body&quot;,&quot;full_name&quot;],&quot;msg&quot;:&quot;Field required&quot;,&quot;input&quot;:{&quot;email&quot;:&quot;TEST_teacher_prog_803fc96c@test.com&quot;,&quot;password&quot;:&quot;Test123!&quot;,&quot;name&quot;:&quot;Progress Teacher 803fc96c&quot;,&quot;role&quot;:&quot;teacher&quot;},&quot;url&quot;:&quot;https://errors.pydantic.dev/2.12/v/missing&quot;}]}&#10;assert 422 == 200&#10; +  where 422 = &lt;Response [422]&gt;.status_code&quot;">backend/tests/test_classroom_batch3.py:43: in setup_session
    assert teacher_res.status_code == 200, f"Teacher registration failed: {teacher_res.text}"
E   AssertionError: Teacher registration failed: {"detail":[{"type":"missing","loc":["body","full_name"],"msg":"Field required","input":{"email":"TEST_teacher_prog_803fc96c@test.com","password":"Test123!","name":"Progress Teacher 803fc96c","role":"teacher"},"url":"https://errors.pydantic.dev/2.12/v/missing"}]}
E   assert 422 == 200
E    +  where 422 = &lt;Response [422]&gt;.status_code</error></testcase><testcase classname="backend.tests.test_classroom_batch3.TestStudentRating" name="test_rating_submission_success" time="0.330"><error message="failed on setup with &quot;assert 422 == 200&#10; +  where 422 = &lt;Response [422]&gt;.status_code&quot;">backend/tests/test_classroom_batch3.py:216: in setup_rating_session
    assert teacher_res.status_code == 200
E   assert 422 == 200
E    +  where 422 = &lt;Response [422]&gt;.status_code</error></testcase><testcase classname="backend.tests.test_classroom_batch3.TestStudentRating" name="test_rating_teacher_forbidden" time="0.131"><error message="failed on setup with &quot;assert 422 == 200&#10; +  where 422 = &lt;Response [422]&gt;.status_code&quot;">backend/tests/test_classroom_batch3.py:216: in setup_rating_session
    assert teacher_res.status_code == 200
E   assert 422 == 200
E    +  where 422 = &lt;Response [422]&gt;.status_code</error></testcase><testcase classname="backend.tests.test_classroom_batch3.TestStudentRating" name="test_rating_invalid_value" time="0.230"><error message="failed on setup with &quot;assert 422 == 200&#10; +  where 422 = &lt;Response [422]&gt;.status_code&quot;">backend/tests/test_classroom_batch3.py:216: in setup_rating_session
    assert teacher_res.status_code == 200
E   assert 422 == 200
E    +  where 422 = &lt;Response [422]&gt;.status_code</error></testcase><testcase classname="backend.tests.test_classroom_batch3.TestRecordingToggle" name="test_recording_toggle_teacher_visible" time="0.292" /><testcase classname="backend.tests.test_classroom_batch3.TestWebSocketEvents" name="test_websocket_raise_hand" time="0.000"><failure message="Failed: async def functions are not natively supported.&#10;You need to install a suitable plugin for your async framework, for example:&#10;  - anyio&#10;  - pytest-asyncio&#10;  - pytest-tornasync&#10;  - pytest-trio&#10;  - pytest-twisted">async def functions are not natively supported.
You need to install a suitable plugin for your async framework, for example:
  - anyio
  - pytest-asyncio
  - pytest-tornasync
  - pytest-trio
  - pytest-twisted</failure></testcase><testcase classname="backend.tests.test_classroom_batch3.TestWebSocketEvents" name="test_websocket_lower_hand" time="0.000"><failure message="Failed: async def functions are not natively supported.&#10;You need to install a suitable plugin for your async framework, for example:&#10;  - anyio&#10;  - pytest-asyncio&#10;  - pytest-tornasync&#10;  - pytest-trio&#10;  - pytest-twisted">async def functions are not natively supported.
You need to install a suitable plugin for your async framework, for example:
  - anyio
  - pytest-asyncio
  - pytest-tornasync
  - pytest-trio
  - pytest-twisted</failure></testcase><testcase classname="backend.tests.test_classroom_batch3.TestWebSocketEvents" name="test_websocket_end_class" time="0.000"><failure message="Failed: async def functions are not natively supported.&#10;You need to install a suitable plugin for your async framework, for example:&#10;  - anyio&#10;  - pytest-asyncio&#10;  - pytest-tornasync&#10;  - pytest-trio&#10;  - pytest-twisted">async def functions are not natively supported.
You need to install a suitable plugin for your async framework, for example:
  - anyio
  - pytest-asyncio
  - pytest-tornasync
  - pytest-trio
  - pytest-twisted</failure></testcase><testcase classname="backend.tests.test_classroom_batch3.TestWebSocketEvents" name="test_websocket_chat" time="0.000"><failure message="Failed: async def functions are not natively supported.&#10;You need to install a suitable plugin for your async framework, for example:&#10;  - anyio&#10;  - pytest-asyncio&#10;  - pytest-tornasync&#10;  - pytest-trio&#10;  - pytest-twisted">async def functions are not natively supported.
You need to install a suitable plugin for your async framework, for example:
  - anyio
  - pytest-asyncio
  - pytest-tornasync
  - pytest-trio
  - pytest-twisted</failure></testcase><testcase classname="backend.tests.test_classroom_batch3.TestFrontendModals" name="test_landing_page_loads" time="0.178" /><testcase classname="backend.tests.test_classroom_batch3.TestFrontendModals" name="test_classroom_route_protected" time="0.106" /></testsuite></testsuites>