<?xml version="1.0" encoding="utf-8"?><testsuites name="pytest tests"><testsuite name="pytest" errors="0" failures="12" skipped="0" tests="38" time="6.360" timestamp="2026-01-13T14:07:48.211422+00:00" hostname="agent-env-5b709e43-5590-46f1-9510-29162e43ee06"><testcase classname="tests.test_auth_and_roles.TestHealthCheck" name="test_api_root" time="0.074" /><testcase classname="tests.test_auth_and_roles.TestAuthEndpoints" name="test_auth_me_without_token" time="0.035" /><testcase classname="tests.test_auth_and_roles.TestAuthEndpoints" name="test_auth_me_with_invalid_token" time="0.035" /><testcase classname="tests.test_auth_and_roles.TestAuthEndpoints" name="test_auth_me_admin_user" time="0.039"><failure message="assert 401 == 200&#10; +  where 401 = &lt;Response [401]&gt;.status_code">tests/test_auth_and_roles.py:50: in test_auth_me_admin_user
    assert response.status_code == 200
E   assert 401 == 200
E    +  where 401 = &lt;Response [401]&gt;.status_code</failure></testcase><testcase classname="tests.test_auth_and_roles.TestAuthEndpoints" name="test_auth_me_student_user" time="0.038"><failure message="AssertionError: assert 'teacher' == 'student'&#10;  &#10;  - student&#10;  + teacher">tests/test_auth_and_roles.py:70: in test_auth_me_student_user
    assert data["role"] == "student"
E   AssertionError: assert 'teacher' == 'student'
E     
E     - student
E     + teacher</failure></testcase><testcase classname="tests.test_auth_and_roles.TestAdminEndpoints" name="test_admin_stats_with_admin_token" time="0.034"><failure message="assert 401 == 200&#10; +  where 401 = &lt;Response [401]&gt;.status_code">tests/test_auth_and_roles.py:83: in test_admin_stats_with_admin_token
    assert response.status_code == 200
E   assert 401 == 200
E    +  where 401 = &lt;Response [401]&gt;.status_code</failure></testcase><testcase classname="tests.test_auth_and_roles.TestAdminEndpoints" name="test_admin_stats_with_student_token" time="0.035" /><testcase classname="tests.test_auth_and_roles.TestAdminEndpoints" name="test_admin_stats_without_token" time="0.039" /><testcase classname="tests.test_auth_and_roles.TestAdminEndpoints" name="test_admin_users_with_admin_token" time="0.032"><failure message="assert 401 == 200&#10; +  where 401 = &lt;Response [401]&gt;.status_code">tests/test_auth_and_roles.py:112: in test_admin_users_with_admin_token
    assert response.status_code == 200
E   assert 401 == 200
E    +  where 401 = &lt;Response [401]&gt;.status_code</failure></testcase><testcase classname="tests.test_auth_and_roles.TestStudentEndpoints" name="test_student_dashboard_with_student_token" time="0.037"><failure message="assert 403 == 200&#10; +  where 403 = &lt;Response [403]&gt;.status_code">tests/test_auth_and_roles.py:135: in test_student_dashboard_with_student_token
    assert response.status_code == 200
E   assert 403 == 200
E    +  where 403 = &lt;Response [403]&gt;.status_code</failure></testcase><testcase classname="tests.test_auth_and_roles.TestStudentEndpoints" name="test_student_dashboard_with_admin_token" time="0.035"><failure message="assert 401 == 403&#10; +  where 401 = &lt;Response [401]&gt;.status_code">tests/test_auth_and_roles.py:153: in test_student_dashboard_with_admin_token
    assert response.status_code == 403
E   assert 401 == 403
E    +  where 401 = &lt;Response [401]&gt;.status_code</failure></testcase><testcase classname="tests.test_auth_and_roles.TestStudentEndpoints" name="test_student_dashboard_without_token" time="0.036" /><testcase classname="tests.test_auth_and_roles.TestTeacherEndpoints" name="test_get_teachers_list" time="0.036" /><testcase classname="tests.test_auth_and_roles.TestOnboardingEndpoints" name="test_complete_onboarding_without_token" time="0.035" /><testcase classname="tests.test_p2_features.TestTeacherDashboard" name="test_teacher_dashboard_with_teacher_token" time="0.040" /><testcase classname="tests.test_p2_features.TestTeacherDashboard" name="test_teacher_dashboard_with_student_token" time="0.038"><failure message="assert 200 == 403&#10; +  where 200 = &lt;Response [200]&gt;.status_code">tests/test_p2_features.py:51: in test_teacher_dashboard_with_student_token
    assert response.status_code == 403
E   assert 200 == 403
E    +  where 200 = &lt;Response [200]&gt;.status_code</failure></testcase><testcase classname="tests.test_p2_features.TestTeacherDashboard" name="test_teacher_dashboard_without_token" time="0.077" /><testcase classname="tests.test_p2_features.TestTeacherAvailability" name="test_get_teacher_availability" time="0.037" /><testcase classname="tests.test_p2_features.TestTeacherAvailability" name="test_create_availability_as_teacher" time="0.043" /><testcase classname="tests.test_p2_features.TestTeacherAvailability" name="test_create_availability_as_student_fails" time="0.037" /><testcase classname="tests.test_p2_features.TestBrowseTeachers" name="test_get_teachers_list" time="0.034" /><testcase classname="tests.test_p2_features.TestBrowseTeachers" name="test_get_single_teacher" time="0.073" /><testcase classname="tests.test_p2_features.TestBrowseTeachers" name="test_get_nonexistent_teacher" time="0.034" /><testcase classname="tests.test_p2_features.TestStudentBooking" name="test_student_dashboard_returns_student_id" time="0.040"><failure message="assert 403 == 200&#10; +  where 403 = &lt;Response [403]&gt;.status_code">tests/test_p2_features.py:185: in test_student_dashboard_returns_student_id
    assert response.status_code == 200
E   assert 403 == 200
E    +  where 403 = &lt;Response [403]&gt;.status_code</failure></testcase><testcase classname="tests.test_p2_features.TestStudentBooking" name="test_create_booking_as_student" time="0.068"><failure message="assert 403 == 200&#10; +  where 403 = &lt;Response [403]&gt;.status_code">tests/test_p2_features.py:219: in test_create_booking_as_student
    assert response.status_code == 200
E   assert 403 == 200
E    +  where 403 = &lt;Response [403]&gt;.status_code</failure></testcase><testcase classname="tests.test_p2_features.TestStudentBooking" name="test_create_booking_without_auth_fails" time="0.036" /><testcase classname="tests.test_p2_features.TestJoinClass" name="test_booking_includes_meet_link" time="0.040" /><testcase classname="tests.test_p2_features.TestJoinClass" name="test_teacher_has_meet_link" time="0.033" /><testcase classname="tests.test_p2_features.TestAdminDashboard" name="test_admin_stats" time="0.035"><failure message="assert 401 == 200&#10; +  where 401 = &lt;Response [401]&gt;.status_code">tests/test_p2_features.py:282: in test_admin_stats
    assert response.status_code == 200
E   assert 401 == 200
E    +  where 401 = &lt;Response [401]&gt;.status_code</failure></testcase><testcase classname="tests.test_p2_features.TestAdminDashboard" name="test_admin_users_list" time="0.032"><failure message="assert 401 == 200&#10; +  where 401 = &lt;Response [401]&gt;.status_code">tests/test_p2_features.py:302: in test_admin_users_list
    assert response.status_code == 200
E   assert 401 == 200
E    +  where 401 = &lt;Response [401]&gt;.status_code</failure></testcase><testcase classname="tests.test_p2_features.TestAdminDashboard" name="test_admin_users_filter_by_role" time="0.033"><failure message="assert 401 == 200&#10; +  where 401 = &lt;Response [401]&gt;.status_code">tests/test_p2_features.py:320: in test_admin_users_filter_by_role
    assert response.status_code == 200
E   assert 401 == 200
E    +  where 401 = &lt;Response [401]&gt;.status_code</failure></testcase><testcase classname="tests.test_teacher_signup.TestTeacherRegistrationEndpoint" name="test_register_teacher_without_auth_returns_401" time="0.791" /><testcase classname="tests.test_teacher_signup.TestTeacherRegistrationEndpoint" name="test_register_teacher_creates_pending_profile" time="1.175" /><testcase classname="tests.test_teacher_signup.TestTeacherRegistrationEndpoint" name="test_register_teacher_updates_user_role" time="1.175" /><testcase classname="tests.test_teacher_signup.TestTeacherRegistrationEndpoint" name="test_register_teacher_already_registered_returns_existing" time="0.852" /><testcase classname="tests.test_teacher_signup.TestTeacherDashboardPendingState" name="test_teacher_dashboard_returns_pending_status" time="0.059" /><testcase classname="tests.test_teacher_signup.TestTeacherDashboardPendingState" name="test_approved_teacher_dashboard_shows_active_status" time="0.037" /><testcase classname="tests.test_teacher_signup.TestTeacherSignupIntegration" name="test_full_teacher_signup_flow" time="0.865" /></testsuite></testsuites>