<?xml version="1.0" encoding="utf-8"?><testsuites name="pytest tests"><testsuite name="pytest" errors="0" failures="0" skipped="0" tests="12" time="3.122" timestamp="2026-02-18T18:19:15.267804+00:00" hostname="agent-env-0bd9a044-c3bd-4396-a37c-ae72f32110c0"><testcase classname="backend.tests.test_batch5_7_financial.TestTeacherTransactionsEndpoint" name="test_transactions_returns_pagination_info" time="0.995" /><testcase classname="backend.tests.test_batch5_7_financial.TestTeacherTransactionsEndpoint" name="test_transactions_has_live_student_name" time="0.090" /><testcase classname="backend.tests.test_batch5_7_financial.TestTeacherTransactionsEndpoint" name="test_transactions_correct_data_for_known_teacher" time="0.070" /><testcase classname="backend.tests.test_batch5_7_financial.TestTeacherDashboardData" name="test_dashboard_returns_month_stats_with_earnings" time="0.108" /><testcase classname="backend.tests.test_batch5_7_financial.TestTeacherDashboardData" name="test_dashboard_returns_tier_info" time="0.081" /><testcase classname="backend.tests.test_batch5_7_financial.TestTeacherDashboardData" name="test_dashboard_returns_correct_wallet_balance" time="0.103" /><testcase classname="backend.tests.test_batch5_7_financial.TestTeacherDashboardData" name="test_dashboard_teacher_has_correct_total_classes" time="0.129" /><testcase classname="backend.tests.test_batch5_7_financial.TestTransactionsPagination" name="test_pagination_respects_limit" time="0.086" /><testcase classname="backend.tests.test_batch5_7_financial.TestTransactionsPagination" name="test_pagination_respects_skip" time="0.101" /><testcase classname="backend.tests.test_batch5_7_financial.TestDirectMongoVerification" name="test_mongo_teacher_data_correct" time="0.380" /><testcase classname="backend.tests.test_batch5_7_financial.TestDirectMongoVerification" name="test_mongo_tutor_earnings_correct" time="0.382" /><testcase classname="backend.tests.test_batch5_7_financial.TestDirectMongoVerification" name="test_mongo_transaction_has_student_id" time="0.394" /></testsuite></testsuites>