<?xml version="1.0" encoding="utf-8"?><testsuites name="pytest tests"><testsuite name="pytest" errors="0" failures="0" skipped="0" tests="20" time="1.185" timestamp="2026-01-27T16:08:40.229972+00:00" hostname="agent-env-fea3e1c6-53cc-4a03-a79f-4f7ffc43d0d3"><testcase classname="backend.tests.test_notifications_and_admin.TestNotificationAPI" name="test_get_notifications_without_user_id" time="0.143" /><testcase classname="backend.tests.test_notifications_and_admin.TestNotificationAPI" name="test_get_notifications_with_user_id" time="0.052" /><testcase classname="backend.tests.test_notifications_and_admin.TestNotificationAPI" name="test_generate_student_notifications" time="0.085" /><testcase classname="backend.tests.test_notifications_and_admin.TestNotificationAPI" name="test_generate_teacher_notifications" time="0.041" /><testcase classname="backend.tests.test_notifications_and_admin.TestNotificationAPI" name="test_generate_admin_notifications" time="0.050" /><testcase classname="backend.tests.test_notifications_and_admin.TestNotificationAPI" name="test_create_custom_notification" time="0.042" /><testcase classname="backend.tests.test_notifications_and_admin.TestNotificationAPI" name="test_mark_notification_as_read" time="0.076" /><testcase classname="backend.tests.test_notifications_and_admin.TestNotificationAPI" name="test_mark_all_notifications_read" time="0.036" /><testcase classname="backend.tests.test_notifications_and_admin.TestNotificationAPI" name="test_delete_notification" time="0.074" /><testcase classname="backend.tests.test_notifications_and_admin.TestAdminUserManagement" name="test_get_all_users_without_auth" time="0.043" /><testcase classname="backend.tests.test_notifications_and_admin.TestAdminUserManagement" name="test_filter_users_by_role_student" time="0.042" /><testcase classname="backend.tests.test_notifications_and_admin.TestAdminUserManagement" name="test_filter_users_by_role_teacher" time="0.042" /><testcase classname="backend.tests.test_notifications_and_admin.TestAdminUserManagement" name="test_filter_users_by_role_admin" time="0.038" /><testcase classname="backend.tests.test_notifications_and_admin.TestAdminUserManagement" name="test_search_users_by_name" time="0.039" /><testcase classname="backend.tests.test_notifications_and_admin.TestAdminUserManagement" name="test_search_users_by_email" time="0.039" /><testcase classname="backend.tests.test_notifications_and_admin.TestAdminUserManagement" name="test_filter_users_by_date_range" time="0.040" /><testcase classname="backend.tests.test_notifications_and_admin.TestAdminUserManagement" name="test_pagination" time="0.037" /><testcase classname="backend.tests.test_notifications_and_admin.TestAdminUserManagement" name="test_combined_filters" time="0.040" /><testcase classname="backend.tests.test_notifications_and_admin.TestOnboardingFlow" name="test_check_email_endpoint" time="0.036" /><testcase classname="backend.tests.test_notifications_and_admin.TestOnboardingFlow" name="test_check_email_existing" time="0.034" /></testsuite></testsuites>