<?xml version="1.0" encoding="utf-8"?><testsuites name="pytest tests"><testsuite name="pytest" errors="0" failures="0" skipped="0" tests="18" time="6.235" timestamp="2026-02-17T20:12:58.804815+00:00" hostname="agent-env-32e1e104-4668-4576-a215-226a57933662"><testcase classname="backend.tests.test_classroom_batch2.TestLiveKitTokenGeneration" name="test_livekit_token_requires_auth" time="1.135" /><testcase classname="backend.tests.test_classroom_batch2.TestLiveKitTokenGeneration" name="test_livekit_token_requires_room_name" time="0.168" /><testcase classname="backend.tests.test_classroom_batch2.TestLiveKitTokenGeneration" name="test_livekit_token_teacher_success" time="0.134" /><testcase classname="backend.tests.test_classroom_batch2.TestLiveKitTokenGeneration" name="test_livekit_token_student_success" time="0.207" /><testcase classname="backend.tests.test_classroom_batch2.TestWebSocketConnection" name="test_websocket_connect_and_room_state" time="0.290" /><testcase classname="backend.tests.test_classroom_batch2.TestWebSocketConnection" name="test_websocket_page_change_broadcast" time="0.414" /><testcase classname="backend.tests.test_classroom_batch2.TestWebSocketConnection" name="test_websocket_pointer_move" time="0.512" /><testcase classname="backend.tests.test_classroom_batch2.TestWebSocketConnection" name="test_websocket_highlight_sync" time="0.330" /><testcase classname="backend.tests.test_classroom_batch2.TestWebSocketConnection" name="test_websocket_navigate_event" time="0.405" /><testcase classname="backend.tests.test_classroom_batch2.TestRecordingToggle" name="test_recording_toggle_requires_auth" time="1.035" /><testcase classname="backend.tests.test_classroom_batch2.TestRecordingToggle" name="test_recording_toggle_student_forbidden" time="0.200" /><testcase classname="backend.tests.test_classroom_batch2.TestRecordingToggle" name="test_recording_toggle_teacher_start" time="0.147" /><testcase classname="backend.tests.test_classroom_batch2.TestRecordingToggle" name="test_recording_toggle_teacher_stop" time="0.141" /><testcase classname="backend.tests.test_classroom_batch2.TestRecordingToggle" name="test_recording_toggle_nonexistent_session" time="0.125" /><testcase classname="backend.tests.test_classroom_batch2.TestBatch1Regression" name="test_next_class_api_still_works" time="0.442" /><testcase classname="backend.tests.test_classroom_batch2.TestBatch1Regression" name="test_activities_list_still_works" time="0.139" /><testcase classname="backend.tests.test_classroom_batch2.TestBatch1Regression" name="test_session_create_still_works" time="0.143" /><testcase classname="backend.tests.test_classroom_batch2.TestAPIHealthCheck" name="test_api_root" time="0.146" /></testsuite></testsuites>