<?xml version="1.0" encoding="utf-8"?><testsuites name="pytest tests"><testsuite name="pytest" errors="0" failures="0" skipped="0" tests="9" time="4.181" timestamp="2026-02-18T17:04:13.341277+00:00" hostname="agent-env-0bd9a044-c3bd-4396-a37c-ae72f32110c0"><testcase classname="tests.test_batch5_6_student_fixes.TestAvailableTeachersEndpoint" name="test_available_teachers_no_params_returns_empty" time="0.217" /><testcase classname="tests.test_batch5_6_student_fixes.TestAvailableTeachersEndpoint" name="test_available_teachers_with_date_only_returns_empty" time="0.180" /><testcase classname="tests.test_batch5_6_student_fixes.TestAvailableTeachersEndpoint" name="test_available_teachers_with_time_only_returns_empty" time="0.240" /><testcase classname="tests.test_batch5_6_student_fixes.TestAvailableTeachersEndpoint" name="test_available_teachers_with_date_and_time_no_availability" time="0.272" /><testcase classname="tests.test_batch5_6_student_fixes.TestUserProfileUpdate" name="test_update_profile_returns_user_document" time="0.773" /><testcase classname="tests.test_batch5_6_student_fixes.TestUserProfileUpdate" name="test_update_profile_only_name" time="0.543" /><testcase classname="tests.test_batch5_6_student_fixes.TestUserProfileUpdate" name="test_update_profile_no_valid_fields" time="0.614" /><testcase classname="tests.test_batch5_6_student_fixes.TestMyBookingsEndpoint" name="test_my_bookings_returns_status_field" time="0.533" /><testcase classname="tests.test_batch5_6_student_fixes.TestStudentDashboardData" name="test_dashboard_data_structure" time="0.614" /></testsuite></testsuites>