<?xml version="1.0" encoding="utf-8"?><testsuites name="pytest tests"><testsuite name="pytest" errors="0" failures="0" skipped="0" tests="15" time="2.794" timestamp="2026-02-20T16:55:53.178078+00:00" hostname="agent-env-0bd9a044-c3bd-4396-a37c-ae72f32110c0"><testcase classname="tests.test_batch5_8_1_booking_hotfix.TestBookingOverlapPrevention" name="test_01_booking_create_endpoint_exists" time="0.258" /><testcase classname="tests.test_batch5_8_1_booking_hotfix.TestBookingOverlapPrevention" name="test_02_available_teachers_endpoint_exists" time="0.087" /><testcase classname="tests.test_batch5_8_1_booking_hotfix.TestBookingOverlapPrevention" name="test_03_available_teachers_accepts_duration_param" time="0.293" /><testcase classname="tests.test_batch5_8_1_booking_hotfix.TestBookingOverlapPrevention" name="test_04_available_teachers_with_no_params_returns_empty" time="0.097" /><testcase classname="tests.test_batch5_8_1_booking_hotfix.TestBookingOverlapViaMongoDirectCheck" name="test_overlap_detection_logic_class_sessions" time="0.000" /><testcase classname="tests.test_batch5_8_1_booking_hotfix.TestBookingAPIWithAuth" name="test_01_unauthenticated_booking_returns_401" time="0.224" /><testcase classname="tests.test_batch5_8_1_booking_hotfix.TestBookingAPIWithAuth" name="test_02_invalid_duration_rejected" time="0.108" /><testcase classname="tests.test_batch5_8_1_booking_hotfix.TestBookingAPIWithAuth" name="test_03_invalid_time_format_rejected" time="0.077" /><testcase classname="tests.test_batch5_8_1_booking_hotfix.TestAvailableTeachersOverlapFilter" name="test_01_date_specific_filtering" time="0.347" /><testcase classname="tests.test_batch5_8_1_booking_hotfix.TestAvailableTeachersOverlapFilter" name="test_02_different_date_no_bookings" time="0.102" /><testcase classname="tests.test_batch5_8_1_booking_hotfix.TestAvailableTeachersOverlapFilter" name="test_03_duration_affects_availability" time="0.280" /><testcase classname="tests.test_batch5_8_1_booking_hotfix.TestMyBookingsEndpoint" name="test_01_unauthenticated_returns_401_or_empty" time="0.207" /><testcase classname="tests.test_batch5_8_1_booking_hotfix.TestMyBookingsEndpoint" name="test_02_status_filter_accepted" time="0.209" /><testcase classname="tests.test_batch5_8_1_booking_hotfix.TestCancelBookingEndpoint" name="test_01_cancel_nonexistent_booking" time="0.260" /><testcase classname="tests.test_batch5_8_1_booking_hotfix.TestEditBookingEndpoint" name="test_01_edit_nonexistent_booking" time="0.118" /></testsuite></testsuites>