<?xml version="1.0" encoding="utf-8"?><testsuites name="pytest tests"><testsuite name="pytest" errors="0" failures="0" skipped="0" tests="17" time="5.885" timestamp="2026-02-17T19:40:48.241484+00:00" hostname="agent-env-32e1e104-4668-4576-a215-226a57933662"><testcase classname="tests.test_classroom_module.TestClassroomModuleSetup" name="test_01_verify_setup" time="0.764" /><testcase classname="tests.test_classroom_module.TestClassroomNextClassAPI" name="test_next_class_unauthenticated" time="0.513" /><testcase classname="tests.test_classroom_module.TestClassroomNextClassAPI" name="test_next_class_authenticated" time="0.116" /><testcase classname="tests.test_classroom_module.TestClassroomSessionCreate" name="test_create_session_unauthenticated" time="0.619" /><testcase classname="tests.test_classroom_module.TestClassroomSessionCreate" name="test_create_session_authenticated" time="0.155" /><testcase classname="tests.test_classroom_module.TestClassroomSessionDetails" name="test_session_not_found" time="0.617" /><testcase classname="tests.test_classroom_module.TestClassroomStudentProgress" name="test_progress_requires_teacher" time="0.593" /><testcase classname="tests.test_classroom_module.TestClassroomRating" name="test_rating_requires_student" time="0.515" /><testcase classname="tests.test_classroom_module.TestClassroomStudentProgressHistory" name="test_progress_history_requires_auth" time="0.162" /><testcase classname="tests.test_classroom_module.TestClassroomActivities" name="test_create_activity_requires_admin" time="0.484" /><testcase classname="tests.test_classroom_module.TestClassroomActivities" name="test_list_activities_requires_auth" time="0.146" /><testcase classname="tests.test_classroom_module.TestClassroomActivities" name="test_list_activities_authenticated" time="0.133" /><testcase classname="tests.test_classroom_module.TestClassroomAdminSessions" name="test_admin_sessions_requires_admin" time="0.530" /><testcase classname="tests.test_classroom_module.TestBookingCreatesClassSession" name="test_booking_endpoint_exists" time="0.145" /><testcase classname="tests.test_classroom_module.TestExternalQuranAPI" name="test_quran_api_page_1" time="0.085" /><testcase classname="tests.test_classroom_module.TestExternalQuranAPI" name="test_quran_api_chapters" time="0.109" /><testcase classname="tests.test_classroom_module.TestAPIHealthCheck" name="test_api_root" time="0.131" /></testsuite></testsuites>